3462
PAINT_SQUARE 108 1 1
PAINT_SQUARE 111 1 1
PAINT_SQUARE 115 1 1
PAINT_SQUARE 118 1 1
PAINT_SQUARE 121 1 1
PAINT_SQUARE 125 2 2
PAINT_SQUARE 107 2 1
PAINT_SQUARE 129 2 1
PAINT_SQUARE 106 3 1
PAINT_SQUARE 132 4 1
PAINT_SQUARE 49 5 1
PAINT_SQUARE 103 5 1
PAINT_SQUARE 131 7 3
PAINT_SQUARE 102 6 1
PAINT_SQUARE 126 6 1
PAINT_SQUARE 43 7 1
PAINT_SQUARE 46 7 1
PAINT_SQUARE 101 7 1
PAINT_SQUARE 136 7 1
PAINT_SQUARE 40 8 1
PAINT_SQUARE 49 8 1
PAINT_SQUARE 74 8 1
PAINT_SQUARE 100 8 1
PAINT_SQUARE 128 9 1
PAINT_SQUARE 99 10 1
PAINT_SQUARE 137 11 2
PAINT_SQUARE 74 11 1
PAINT_SQUARE 98 12 1
PAINT_SQUARE 130 12 1
PAINT_SQUARE 133 12 1
PAINT_SQUARE 97 13 1
PAINT_SQUARE 32 14 1
PAINT_SQUARE 73 14 1
PAINT_SQUARE 84 14 1
PAINT_SQUARE 97 15 2
PAINT_SQUARE 136 15 1
PAINT_SQUARE 140 16 2
PAINT_SQUARE 96 17 2
PAINT_SQUARE 32 17 1
PAINT_SQUARE 66 17 1
PAINT_SQUARE 70 17 1
PAINT_SQUARE 84 17 1
PAINT_SQUARE 59 18 1
PAINT_SQUARE 138 18 1
PAINT_SQUARE 94 19 1
PAINT_SQUARE 144 19 1
PAINT_SQUARE 143 22 3
PAINT_SQUARE 97 21 1
PAINT_SQUARE 140 21 1
PAINT_SQUARE 63 23 1
PAINT_SQUARE 66 23 1
PAINT_SQUARE 32 24 1
PAINT_SQUARE 69 24 1
PAINT_SQUARE 97 24 1
PAINT_SQUARE 143 27 1
PAINT_SQUARE 147 28 2
PAINT_SQUARE 76 28 1
PAINT_SQUARE 53 29 1
PAINT_SQUARE 146 31 2
PAINT_SQUARE 52 31 1
PAINT_SQUARE 76 31 1
PAINT_SQUARE 70 32 1
PAINT_SQUARE 73 32 1
PAINT_SQUARE 42 33 1
PAINT_SQUARE 63 33 1
PAINT_SQUARE 66 33 1
PAINT_SQUARE 69 33 1
PAINT_SQUARE 45 34 1
PAINT_SQUARE 52 34 1
PAINT_SQUARE 150 34 1
PAINT_SQUARE 148 36 2
PAINT_SQUARE 44 38 1
PAINT_SQUARE 148 41 3
PAINT_SQUARE 52 41 1
PAINT_SQUARE 148 44 4
PAINT_SQUARE 86 42 1
PAINT_SQUARE 111 42 1
PAINT_SQUARE 131 42 1
PAINT_SQUARE 148 46 5
PAINT_SQUARE 51 43 1
PAINT_SQUARE 129 45 2
PAINT_SQUARE 147 48 5
PAINT_SQUARE 50 45 1
PAINT_SQUARE 86 45 1
PAINT_SQUARE 112 45 1
PAINT_SQUARE 115 45 1
PAINT_SQUARE 119 46 2
PAINT_SQUARE 127 45 1
PAINT_SQUARE 134 46 2
PAINT_SQUARE 140 47 3
PAINT_SQUARE 123 46 1
PAINT_SQUARE 126 46 1
PAINT_SQUARE 43 47 1
PAINT_SQUARE 107 47 1
PAINT_SQUARE 110 47 1
PAINT_SQUARE 85 48 1
PAINT_SQUARE 106 48 1
PAINT_SQUARE 97 49 1
PAINT_SQUARE 103 49 1
PAINT_SQUARE 100 50 1
PAINT_SQUARE 85 51 1
PAINT_SQUARE 17 52 1
PAINT_SQUARE 77 52 1
PAINT_SQUARE 97 52 1
PAINT_SQUARE 96 53 1
PAINT_SQUARE 76 54 1
PAINT_SQUARE 85 54 1
PAINT_SQUARE 147 55 1
PAINT_SQUARE 150 55 1
PAINT_SQUARE 153 55 1
PAINT_SQUARE 117 56 1
PAINT_SQUARE 120 56 1
PAINT_SQUARE 123 56 1
PAINT_SQUARE 76 57 1
PAINT_SQUARE 84 57 1
PAINT_SQUARE 115 57 1
PAINT_SQUARE 126 57 1
PAINT_SQUARE 129 57 1
PAINT_SQUARE 62 58 1
PAINT_SQUARE 68 59 2
PAINT_SQUARE 72 58 1
PAINT_SQUARE 75 58 1
PAINT_SQUARE 108 58 1
PAINT_SQUARE 132 58 1
PAINT_SQUARE 151 58 1
PAINT_SQUARE 61 59 1
PAINT_SQUARE 65 59 1
PAINT_SQUARE 84 60 1
PAINT_SQUARE 135 60 1
PAINT_SQUARE 63 62 1
PAINT_SQUARE 138 62 1
PAINT_SQUARE 152 62 1
PAINT_SQUARE 46 63 1
PAINT_SQUARE 86 63 1
PAINT_SQUARE 66 64 1
PAINT_SQUARE 126 64 1
PAINT_SQUARE 38 65 1
PAINT_SQUARE 42 65 1
PAINT_SQUARE 63 65 1
PAINT_SQUARE 69 65 1
PAINT_SQUARE 85 65 1
PAINT_SQUARE 41 66 1
PAINT_SQUARE 45 66 1
PAINT_SQUARE 117 67 1
PAINT_SQUARE 124 69 1
PAINT_SQUARE 145 69 1
PAINT_SQUARE 113 70 1
PAINT_SQUARE 134 70 1
PAINT_SQUARE 42 71 1
PAINT_SQUARE 95 71 1
PAINT_SQUARE 98 71 1
PAINT_SQUARE 102 71 1
PAINT_SQUARE 105 71 1
PAINT_SQUARE 112 71 1
PAINT_SQUARE 119 71 1
PAINT_SQUARE 122 71 1
PAINT_SQUARE 137 71 1
PAINT_SQUARE 143 71 1
PAINT_SQUARE 148 71 1
PAINT_SQUARE 151 71 1
PAINT_SQUARE 101 72 1
PAINT_SQUARE 111 72 1
PAINT_SQUARE 125 72 1
PAINT_SQUARE 128 72 1
PAINT_SQUARE 146 72 1
PAINT_SQUARE 154 74 1
PAINT_SQUARE 81 76 1
PAINT_SQUARE 147 77 1
PAINT_SQUARE 154 77 1
PAINT_SQUARE 80 78 1
PAINT_SQUARE 154 80 1
PAINT_SQUARE 42 81 1
PAINT_SQUARE 84 81 1
PAINT_SQUARE 79 84 1
PAINT_SQUARE 84 84 1
PAINT_SQUARE 153 84 1
PAINT_SQUARE 78 85 1
PAINT_SQUARE 153 87 1
PAINT_SQUARE 49 89 1
PAINT_SQUARE 84 89 1
PAINT_SQUARE 47 91 2
PAINT_SQUARE 151 90 1
PAINT_SQUARE 129 91 1
PAINT_SQUARE 85 92 1
PAINT_SQUARE 151 93 1
PAINT_SQUARE 108 94 1
PAINT_SQUARE 47 96 2
PAINT_SQUARE 144 96 1
PAINT_SQUARE 151 96 1
PAINT_SQUARE 86 97 1
PAINT_SQUARE 110 97 1
PAINT_SQUARE 113 99 1
PAINT_SQUARE 144 99 1
PAINT_SQUARE 151 99 1
PAINT_SQUARE 116 101 1
PAINT_SQUARE 119 101 1
PAINT_SQUARE 87 102 1
PAINT_SQUARE 142 102 1
PAINT_SQUARE 151 102 1
PAINT_SQUARE 150 103 1
PAINT_SQUARE 149 104 1
PAINT_SQUARE 154 104 1
PAINT_SQUARE 88 106 1
PAINT_SQUARE 149 107 1
PAINT_SQUARE 19 109 1
PAINT_SQUARE 89 109 1
PAINT_SQUARE 101 109 1
PAINT_SQUARE 140 110 1
PAINT_SQUARE 148 110 1
PAINT_SQUARE 148 113 2
PAINT_SQUARE 139 113 1
PAINT_SQUARE 146 113 1
PAINT_SQUARE 138 114 1
PAINT_SQUARE 91 115 1
PAINT_SQUARE 146 116 1
PAINT_SQUARE 93 118 1
PAINT_SQUARE 146 119 1
PAINT_SQUARE 132 120 1
PAINT_SQUARE 110 121 1
PAINT_SQUARE 129 121 1
PAINT_SQUARE 145 121 1
PAINT_SQUARE 128 122 1
PAINT_SQUARE 127 123 1
PAINT_SQUARE 144 123 1
PAINT_SQUARE 143 126 2
PAINT_SQUARE 142 127 2
PAINT_SQUARE 98 127 1
PAINT_SQUARE 140 127 1
PAINT_SQUARE 147 128 1
PAINT_SQUARE 156 128 1
PAINT_SQUARE 100 130 1
PAINT_SQUARE 139 130 1
PAINT_SQUARE 138 132 1
PAINT_SQUARE 103 133 1
PAINT_SQUARE 137 133 1
PAINT_SQUARE 106 134 1
PAINT_SQUARE 136 134 1
PAINT_SQUARE 135 135 1
PAINT_SQUARE 108 137 1
PAINT_SQUARE 134 137 1
PAINT_SQUARE 111 138 1
PAINT_SQUARE 132 138 1
PAINT_SQUARE 18 139 1
PAINT_SQUARE 128 139 1
PAINT_SQUARE 131 139 1
PAINT_SQUARE 114 140 1
PAINT_SQUARE 119 140 1
PAINT_SQUARE 122 140 1
PAINT_SQUARE 125 140 1
PAINT_SQUARE 117 141 1
PAINT_SQUARE 62 147 1
PAINT_SQUARE 66 151 1
PAINT_SQUARE 55 152 1
PAINT_SQUARE 59 153 2
PAINT_SQUARE 64 153 2
PAINT_SQUARE 69 152 1
PAINT_SQUARE 32 153 1
PAINT_SQUARE 35 153 1
PAINT_SQUARE 38 153 1
PAINT_SQUARE 41 153 1
PAINT_SQUARE 44 153 1
PAINT_SQUARE 147 153 1
PAINT_SQUARE 153 155 1
PAINT_SQUARE 156 155 1
PAINT_SQUARE 147 159 1
PAINT_SQUARE 127 165 1
PAINT_SQUARE 127 168 2
PAINT_SQUARE 125 171 3
PAINT_SQUARE 125 173 4
PAINT_SQUARE 124 182 4
PAINT_SQUARE 130 179 1
PAINT_SQUARE 147 180 1
PAINT_SQUARE 151 182 1
PAINT_SQUARE 154 182 1
PAINT_SQUARE 124 190 3
PAINT_SQUARE 121 192 1
PAINT_SQUARE 127 195 1
PAINT_SQUARE 141 199 1
PAINT_SQUARE 57 202 2
PAINT_SQUARE 58 205 4
PAINT_SQUARE 57 209 7
PAINT_SQUARE 54 209 6
PAINT_SQUARE 66 204 1
PAINT_SQUARE 52 210 5
PAINT_SQUARE 101 206 1
PAINT_SQUARE 50 211 5
PAINT_SQUARE 67 208 2
PAINT_SQUARE 100 207 1
PAINT_SQUARE 145 207 1
PAINT_SQUARE 48 211 4
PAINT_SQUARE 104 208 1
PAINT_SQUARE 71 209 1
PAINT_SQUARE 107 209 1
PAINT_SQUARE 142 209 1
PAINT_SQUARE 47 213 4
PAINT_SQUARE 110 210 1
PAINT_SQUARE 46 214 4
PAINT_SQUARE 113 211 1
PAINT_SQUARE 116 211 1
PAINT_SQUARE 132 212 2
PAINT_SQUARE 155 212 2
PAINT_SQUARE 69 215 4
PAINT_SQUARE 98 212 1
PAINT_SQUARE 119 212 1
PAINT_SQUARE 124 212 1
PAINT_SQUARE 127 212 1
PAINT_SQUARE 131 213 2
PAINT_SQUARE 149 212 1
PAINT_SQUARE 44 215 3
PAINT_SQUARE 96 213 1
PAINT_SQUARE 122 213 1
PAINT_SQUARE 136 213 1
PAINT_SQUARE 149 214 2
PAINT_SQUARE 154 214 2
PAINT_SQUARE 139 214 1
PAINT_SQUARE 142 214 1
PAINT_SQUARE 43 217 3
PAINT_SQUARE 99 215 1
PAINT_SQUARE 102 215 1
PAINT_SQUARE 147 215 1
PAINT_SQUARE 75 216 1
PAINT_SQUARE 145 216 1
PAINT_SQUARE 42 219 3
PAINT_SQUARE 105 217 1
PAINT_SQUARE 41 221 3
PAINT_SQUARE 75 219 1
PAINT_SQUARE 109 219 1
PAINT_SQUARE 112 219 1
PAINT_SQUARE 40 222 3
PAINT_SQUARE 69 221 1
PAINT_SQUARE 74 223 3
PAINT_SQUARE 96 221 1
PAINT_SQUARE 39 224 3
PAINT_SQUARE 123 222 1
PAINT_SQUARE 143 223 2
PAINT_SQUARE 149 222 1
PAINT_SQUARE 152 222 1
PAINT_SQUARE 99 223 1
PAINT_SQUARE 71 224 1
PAINT_SQUARE 38 227 3
PAINT_SQUARE 102 225 1
PAINT_SQUARE 152 225 1
PAINT_SQUARE 79 227 1
PAINT_SQUARE 105 227 1
PAINT_SQUARE 24 228 1
PAINT_SQUARE 74 229 2
PAINT_SQUARE 78 228 1
PAINT_SQUARE 108 228 1
PAINT_SQUARE 111 228 1
PAINT_SQUARE 142 228 1
PAINT_SQUARE 37 231 3
PAINT_SQUARE 95 229 1
PAINT_SQUARE 114 229 1
PAINT_SQUARE 117 229 1
PAINT_SQUARE 147 229 1
PAINT_SQUARE 156 229 1
PAINT_SQUARE 140 230 1
PAINT_SQUARE 78 231 1
PAINT_SQUARE 98 231 1
PAINT_SQUARE 120 231 1
PAINT_SQUARE 36 234 3
PAINT_SQUARE 74 233 1
PAINT_SQUARE 78 234 2
PAINT_SQUARE 101 233 1
PAINT_SQUARE 17 234 1
PAINT_SQUARE 104 235 1
PAINT_SQUARE 78 238 3
PAINT_SQUARE 107 236 1
PAINT_SQUARE 35 239 3
PAINT_SQUARE 110 237 1
PAINT_SQUARE 113 237 1
PAINT_SQUARE 116 237 1
PAINT_SQUARE 102 239 1
PAINT_SQUARE 104 242 1
PAINT_SQUARE 79 245 3
PAINT_SQUARE 35 246 3
PAINT_SQUARE 107 244 1
PAINT_SQUARE 155 245 1
PAINT_SQUARE 110 246 1
PAINT_SQUARE 150 247 2
PAINT_SQUARE 155 247 2
PAINT_SQUARE 148 248 1
PAINT_SQUARE 34 251 3
PAINT_SQUARE 112 249 1
PAINT_SQUARE 115 249 1
PAINT_SQUARE 79 252 3
PAINT_SQUARE 118 250 1
PAINT_SQUARE 121 251 1
PAINT_SQUARE 142 251 1
PAINT_SQUARE 113 252 1
PAINT_SQUARE 116 252 1
PAINT_SQUARE 124 252 1
PAINT_SQUARE 139 252 1
PAINT_SQUARE 127 253 1
PAINT_SQUARE 130 253 1
PAINT_SQUARE 133 253 1
PAINT_SQUARE 136 253 1
PAINT_SQUARE 58 257 3
PAINT_SQUARE 35 258 3
PAINT_SQUARE 79 259 3
PAINT_SQUARE 112 259 1
PAINT_SQUARE 58 264 3
PAINT_SQUARE 34 264 2
PAINT_SQUARE 111 263 1
PAINT_SQUARE 78 265 2
PAINT_SQUARE 38 266 1
PAINT_SQUARE 35 269 2
PAINT_SQUARE 78 270 3
PAINT_SQUARE 14 269 1
PAINT_SQUARE 58 271 3
PAINT_SQUARE 13 271 1
PAINT_SQUARE 39 271 1
PAINT_SQUARE 77 274 3
PAINT_SQUARE 36 274 2
PAINT_SQUARE 76 276 3
PAINT_SQUARE 40 275 1
PAINT_SQUARE 58 278 3
PAINT_SQUARE 75 279 3
PAINT_SQUARE 37 279 2
PAINT_SQUARE 41 279 1
PAINT_SQUARE 74 282 3
PAINT_SQUARE 37 283 1
PAINT_SQUARE 58 285 3
PAINT_SQUARE 73 285 3
PAINT_SQUARE 72 286 3
PAINT_SQUARE 97 285 1
PAINT_SQUARE 71 288 3
PAINT_SQUARE 70 289 3
PAINT_SQUARE 66 291 4
PAINT_SQUARE 18 289 1
PAINT_SQUARE 60 294 5
PAINT_SQUARE 100 294 1
PAINT_SQUARE 67 297 1
PAINT_SQUARE 57 301 1
PAINT_SQUARE 60 301 1
PAINT_SQUARE 102 306 1
PAINT_SQUARE 66 310 2
PAINT_SQUARE 66 312 3
PAINT_SQUARE 65 315 5
PAINT_SQUARE 64 316 5
PAINT_SQUARE 72 312 1
PAINT_SQUARE 63 317 5
PAINT_SQUARE 61 317 4
PAINT_SQUARE 112 314 1
PAINT_SQUARE 73 316 2
PAINT_SQUARE 102 315 1
PAINT_SQUARE 115 315 1
PAINT_SQUARE 18 316 1
PAINT_SQUARE 59 319 3
PAINT_SQUARE 101 317 1
PAINT_SQUARE 58 320 3
PAINT_SQUARE 77 319 1
PAINT_SQUARE 98 319 1
PAINT_SQUARE 73 321 2
PAINT_SQUARE 114 320 1
PAINT_SQUARE 56 322 2
PAINT_SQUARE 71 322 1
PAINT_SQUARE 77 322 1
PAINT_SQUARE 55 324 2
PAINT_SQUARE 54 326 2
PAINT_SQUARE 74 325 1
PAINT_SQUARE 78 326 2
PAINT_SQUARE 53 330 2
PAINT_SQUARE 77 330 1
PAINT_SQUARE 80 330 1
PAINT_SQUARE 18 331 1
PAINT_SQUARE 97 331 1
PAINT_SQUARE 100 331 1
PAINT_SQUARE 114 332 1
PAINT_SQUARE 79 334 2
PAINT_SQUARE 53 335 2
PAINT_SQUARE 52 338 2
PAINT_SQUARE 79 339 2
PAINT_SQUARE 100 340 1
PAINT_SQUARE 52 343 2
PAINT_SQUARE 80 345 3
PAINT_SQUARE 108 343 1
PAINT_SQUARE 108 346 1
PAINT_SQUARE 52 348 2
PAINT_SQUARE 107 347 1
PAINT_SQUARE 115 347 1
PAINT_SQUARE 107 349 2
PAINT_SQUARE 114 348 1
PAINT_SQUARE 78 351 2
PAINT_SQUARE 56 351 1
PAINT_SQUARE 53 353 2
PAINT_SQUARE 97 352 1
PAINT_SQUARE 77 354 2
PAINT_SQUARE 106 353 1
PAINT_SQUARE 57 355 1
PAINT_SQUARE 77 357 3
PAINT_SQUARE 126 356 1
PAINT_SQUARE 54 358 2
PAINT_SQUARE 76 359 3
PAINT_SQUARE 58 358 1
PAINT_SQUARE 125 358 1
PAINT_SQUARE 75 361 3
PAINT_SQUARE 61 360 1
PAINT_SQUARE 74 363 4
PAINT_SQUARE 112 360 1
PAINT_SQUARE 60 363 3
PAINT_SQUARE 73 364 4
PAINT_SQUARE 111 361 1
PAINT_SQUARE 125 361 1
PAINT_SQUARE 133 361 1
PAINT_SQUARE 54 362 1
PAINT_SQUARE 60 365 4
PAINT_SQUARE 71 365 4
PAINT_SQUARE 69 366 4
PAINT_SQUARE 100 363 1
PAINT_SQUARE 125 364 1
PAINT_SQUARE 138 364 1
PAINT_SQUARE 55 365 1
PAINT_SQUARE 138 367 1
PAINT_SQUARE 129 369 1
PAINT_SQUARE 135 370 1
PAINT_SQUARE 61 371 1
PAINT_SQUARE 65 372 2
PAINT_SQUARE 115 371 1
PAINT_SQUARE 69 372 1
PAINT_SQUARE 135 373 1
PAINT_SQUARE 101 374 1
PAINT_SQUARE 130 375 1
PAINT_SQUARE 141 375 1
PAINT_SQUARE 150 377 1
PAINT_SQUARE 101 378 1
PAINT_SQUARE 130 378 1
PAINT_SQUARE 116 379 1
PAINT_SQUARE 150 380 1
PAINT_SQUARE 149 381 1
PAINT_SQUARE 115 382 1
PAINT_SQUARE 148 383 1
PAINT_SQUARE 66 388 4
PAINT_SQUARE 65 390 5
PAINT_SQUARE 63 390 4
PAINT_SQUARE 72 387 1
PAINT_SQUARE 62 391 4
PAINT_SQUARE 75 389 1
PAINT_SQUARE 60 392 3
PAINT_SQUARE 74 392 3
PAINT_SQUARE 100 390 1
PAINT_SQUARE 114 391 1
PAINT_SQUARE 59 394 3
PAINT_SQUARE 58 395 3
PAINT_SQUARE 100 393 1
PAINT_SQUARE 132 393 1
PAINT_SQUARE 150 393 1
PAINT_SQUARE 57 396 3
PAINT_SQUARE 114 394 1
PAINT_SQUARE 56 398 3
PAINT_SQUARE 132 396 1
PAINT_SQUARE 150 396 1
PAINT_SQUARE 73 397 1
PAINT_SQUARE 77 398 2
PAINT_SQUARE 114 397 1
PAINT_SQUARE 54 401 2
PAINT_SQUARE 75 400 1
PAINT_SQUARE 79 403 2
PAINT_SQUARE 78 404 2
PAINT_SQUARE 53 405 2
PAINT_SQUARE 97 405 1
PAINT_SQUARE 138 405 1
PAINT_SQUARE 100 407 1
PAINT_SQUARE 111 407 1
PAINT_SQUARE 114 407 1
PAINT_SQUARE 117 407 1
PAINT_SQUARE 125 407 1
PAINT_SQUARE 137 407 1
PAINT_SQUARE 5 408 1
PAINT_SQUARE 80 410 3
PAINT_SQUARE 150 409 2
PAINT_SQUARE 53 410 2
PAINT_SQUARE 135 409 1
PAINT_SQUARE 148 409 1
PAINT_SQUARE 4 410 1
PAINT_SQUARE 53 412 3
PAINT_SQUARE 96 410 1
PAINT_SQUARE 125 410 1
PAINT_SQUARE 132 411 1
PAINT_SQUARE 135 412 1
PAINT_SQUARE 111 413 1
PAINT_SQUARE 117 414 1
PAINT_SQUARE 79 416 2
PAINT_SQUARE 135 415 1
PAINT_SQUARE 111 416 1
PAINT_SQUARE 140 416 1
PAINT_SQUARE 53 419 3
PAINT_SQUARE 128 418 1
PAINT_SQUARE 135 418 1
PAINT_SQUARE 111 419 1
PAINT_SQUARE 141 419 1
PAINT_SQUARE 11 420 1
PAINT_SQUARE 79 421 2
PAINT_SQUARE 111 422 1
PAINT_SQUARE 53 425 2
PAINT_SQUARE 78 426 2
PAINT_SQUARE 114 425 1
PAINT_SQUARE 77 428 2
PAINT_SQUARE 54 430 2
PAINT_SQUARE 76 431 2
PAINT_SQUARE 58 431 1
PAINT_SQUARE 76 433 3
PAINT_SQUARE 61 433 1
PAINT_SQUARE 75 435 3
PAINT_SQUARE 54 434 1
PAINT_SQUARE 60 437 4
PAINT_SQUARE 74 436 3
PAINT_SQUARE 73 437 3
PAINT_SQUARE 55 437 1
PAINT_SQUARE 69 440 4
PAINT_SQUARE 106 438 1
PAINT_SQUARE 105 440 1
PAINT_SQUARE 104 442 1
PAINT_SQUARE 58 443 1
PAINT_SQUARE 62 444 2
PAINT_SQUARE 103 444 1
PAINT_SQUARE 66 446 1
PAINT_SQUARE 69 446 1
PAINT_SQUARE 135 451 1
PAINT_SQUARE 5 453 1
PAINT_SQUARE 11 454 1
PAINT_SQUARE 135 454 1
PAINT_SQUARE 67 459 2
PAINT_SQUARE 66 462 4
PAINT_SQUARE 66 465 6
PAINT_SQUARE 74 461 1
PAINT_SQUARE 89 461 1
PAINT_SQUARE 64 466 5
PAINT_SQUARE 62 466 4
PAINT_SQUARE 61 467 4
PAINT_SQUARE 75 465 2
PAINT_SQUARE 90 465 2
PAINT_SQUARE 60 468 4
PAINT_SQUARE 90 467 3
PAINT_SQUARE 59 469 4
PAINT_SQUARE 57 469 3
PAINT_SQUARE 76 471 3
PAINT_SQUARE 56 474 3
PAINT_SQUARE 88 472 1
PAINT_SQUARE 92 473 2
PAINT_SQUARE 54 475 2
PAINT_SQUARE 96 474 1
PAINT_SQUARE 90 475 1
PAINT_SQUARE 75 476 1
PAINT_SQUARE 79 477 2
PAINT_SQUARE 94 478 2
PAINT_SQUARE 92 479 2
PAINT_SQUARE 53 480 2
PAINT_SQUARE 78 480 2
PAINT_SQUARE 82 481 1
PAINT_SQUARE 96 482 1
PAINT_SQUARE 53 485 3
PAINT_SQUARE 94 485 3
PAINT_SQUARE 139 483 1
PAINT_SQUARE 80 486 3
PAINT_SQUARE 138 484 1
PAINT_SQUARE 135 485 1
PAINT_SQUARE 142 485 1
PAINT_SQUARE 141 486 1
PAINT_SQUARE 124 487 1
PAINT_SQUARE 132 487 1
PAINT_SQUARE 123 488 1
PAINT_SQUARE 129 488 1
PAINT_SQUARE 135 488 1
PAINT_SQUARE 53 492 3
PAINT_SQUARE 94 492 3
PAINT_SQUARE 120 490 1
PAINT_SQUARE 80 493 3
PAINT_SQUARE 120 493 2
PAINT_SQUARE 124 492 1
PAINT_SQUARE 127 493 1
PAINT_SQUARE 130 493 1
PAINT_SQUARE 78 497 2
PAINT_SQUARE 51 497 1
PAINT_SQUARE 55 498 2
PAINT_SQUARE 94 499 3
PAINT_SQUARE 93 500 3
PAINT_SQUARE 120 499 1
PAINT_SQUARE 123 499 1
PAINT_SQUARE 126 499 1
PAINT_SQUARE 129 499 1
PAINT_SQUARE 53 501 2
PAINT_SQUARE 78 502 3
PAINT_SQUARE 92 502 3
PAINT_SQUARE 57 502 1
PAINT_SQUARE 77 504 3
PAINT_SQUARE 91 504 3
PAINT_SQUARE 121 502 1
PAINT_SQUARE 77 507 4
PAINT_SQUARE 90 506 3
PAINT_SQUARE 56 508 4
PAINT_SQUARE 78 511 6
PAINT_SQUARE 89 508 3
PAINT_SQUARE 133 506 1
PAINT_SQUARE 145 506 1
PAINT_SQUARE 148 506 1
PAINT_SQUARE 151 506 1
PAINT_SQUARE 58 513 7
PAINT_SQUARE 77 513 7
PAINT_SQUARE 88 509 3
PAINT_SQUARE 122 507 1
PAINT_SQUARE 132 507 1
PAINT_SQUARE 155 507 1
PAINT_SQUARE 73 514 7
PAINT_SQUARE 53 513 3
PAINT_SQUARE 136 513 1
PAINT_SQUARE 140 513 1
PAINT_SQUARE 87 515 2
PAINT_SQUARE 91 514 1
PAINT_SQUARE 139 514 1
PAINT_SQUARE 138 518 3
PAINT_SQUARE 5 517 1
PAINT_SQUARE 10 517 1
PAINT_SQUARE 4 518 1
PAINT_SQUARE 137 524 2
PAINT_SQUARE 141 524 1
PAINT_SQUARE 138 528 1
PAINT_SQUARE 43 536 6
PAINT_SQUARE 54 534 4
PAINT_SQUARE 70 533 3
PAINT_SQUARE 76 532 2
PAINT_SQUARE 37 534 3
PAINT_SQUARE 65 537 6
PAINT_SQUARE 80 532 1
PAINT_SQUARE 35 535 2
PAINT_SQUARE 80 535 1
PAINT_SQUARE 78 539 4
PAINT_SQUARE 77 541 4
PAINT_SQUARE 38 541 3
PAINT_SQUARE 53 542 3
PAINT_SQUARE 60 542 3
PAINT_SQUARE 75 542 3
PAINT_SQUARE 147 540 1
PAINT_SQUARE 35 542 1
PAINT_SQUARE 149 543 1
PAINT_SQUARE 50 544 1
PAINT_SQUARE 5 548 1
PAINT_SQUARE 63 555 1
PAINT_SQUARE 68 556 2
PAINT_SQUARE 66 560 5
PAINT_SQUARE 63 560 4
PAINT_SQUARE 73 557 1
PAINT_SQUARE 62 561 4
PAINT_SQUARE 58 559 1
PAINT_SQUARE 74 561 2
PAINT_SQUARE 55 562 1
PAINT_SQUARE 59 564 2
PAINT_SQUARE 152 564 1
PAINT_SQUARE 55 566 2
PAINT_SQUARE 74 566 2
PAINT_SQUARE 78 565 1
PAINT_SQUARE 150 566 2
PAINT_SQUARE 68 568 2
PAINT_SQUARE 72 567 1
PAINT_SQUARE 55 570 3
PAINT_SQUARE 79 569 2
PAINT_SQUARE 67 570 2
PAINT_SQUARE 74 570 1
PAINT_SQUARE 78 571 2
PAINT_SQUARE 150 570 1
PAINT_SQUARE 153 570 1
PAINT_SQUARE 54 573 3
PAINT_SQUARE 76 573 1
PAINT_SQUARE 67 575 2
PAINT_SQUARE 66 576 2
PAINT_SQUARE 79 575 1
PAINT_SQUARE 53 578 3
PAINT_SQUARE 77 576 1
PAINT_SQUARE 155 576 1
PAINT_SQUARE 154 577 1
PAINT_SQUARE 5 578 1
PAINT_SQUARE 10 578 1
PAINT_SQUARE 80 578 1
PAINT_SQUARE 9 579 1
PAINT_SQUARE 79 580 2
PAINT_SQUARE 65 581 2
PAINT_SQUARE 154 582 1
PAINT_SQUARE 53 585 3
PAINT_SQUARE 64 584 2
PAINT_SQUARE 79 585 2
PAINT_SQUARE 63 588 1
PAINT_SQUARE 79 590 2
PAINT_SQUARE 52 591 2
PAINT_SQUARE 62 590 1
PAINT_SQUARE 78 593 2
PAINT_SQUARE 146 592 1
PAINT_SQUARE 63 594 2
PAINT_SQUARE 56 594 1
PAINT_SQUARE 52 595 1
PAINT_SQUARE 55 595 1
PAINT_SQUARE 62 596 2
PAINT_SQUARE 78 597 3
PAINT_SQUARE 53 598 1
PAINT_SQUARE 59 601 4
PAINT_SQUARE 77 600 3
PAINT_SQUARE 137 599 1
PAINT_SQUARE 133 600 1
PAINT_SQUARE 136 600 1
PAINT_SQUARE 54 601 1
PAINT_SQUARE 76 603 3
PAINT_SQUARE 140 601 1
PAINT_SQUARE 143 602 1
PAINT_SQUARE 129 603 1
PAINT_SQUARE 55 604 1
PAINT_SQUARE 128 604 1
PAINT_SQUARE 146 604 1
PAINT_SQUARE 145 605 1
PAINT_SQUARE 36 607 1
PAINT_SQUARE 58 607 1
PAINT_SQUARE 61 607 1
PAINT_SQUARE 148 607 1
PAINT_SQUARE 34 608 1
PAINT_SQUARE 39 608 1
PAINT_SQUARE 76 608 1
PAINT_SQUARE 8 609 1
PAINT_SQUARE 5 610 1
PAINT_SQUARE 60 610 1
PAINT_SQUARE 135 610 1
PAINT_SQUARE 151 610 1
PAINT_SQUARE 31 613 1
PAINT_SQUARE 40 613 1
PAINT_SQUARE 126 614 1
PAINT_SQUARE 125 615 1
PAINT_SQUARE 124 616 1
PAINT_SQUARE 28 619 1
PAINT_SQUARE 151 622 2
PAINT_SQUARE 26 624 1
PAINT_SQUARE 39 624 1
PAINT_SQUARE 155 624 1
PAINT_SQUARE 25 625 1
PAINT_SQUARE 121 625 1
PAINT_SQUARE 22 630 1
PAINT_SQUARE 37 630 1
PAINT_SQUARE 119 630 1
PAINT_SQUARE 143 630 1
PAINT_SQUARE 146 630 1
PAINT_SQUARE 118 631 1
PAINT_SQUARE 117 632 1
PAINT_SQUARE 20 635 1
PAINT_SQUARE 36 637 1
PAINT_SQUARE 123 639 1
PAINT_SQUARE 95 641 1
PAINT_SQUARE 17 642 1
PAINT_SQUARE 94 642 1
PAINT_SQUARE 2 643 1
PAINT_SQUARE 35 645 1
PAINT_SQUARE 128 646 1
PAINT_SQUARE 151 646 1
PAINT_SQUARE 41 647 1
PAINT_SQUARE 131 647 1
PAINT_SQUARE 39 648 1
PAINT_SQUARE 17 650 1
PAINT_SQUARE 39 651 1
PAINT_SQUARE 122 651 1
PAINT_SQUARE 42 652 1
PAINT_SQUARE 146 653 1
PAINT_SQUARE 17 655 1
PAINT_SQUARE 76 655 1
PAINT_SQUARE 156 655 1
PAINT_SQUARE 31 656 1
PAINT_SQUARE 75 656 1
PAINT_SQUARE 146 656 1
PAINT_SQUARE 155 656 1
PAINT_SQUARE 115 657 1
PAINT_SQUARE 149 657 1
PAINT_SQUARE 152 658 1
PAINT_SQUARE 20 660 1
PAINT_SQUARE 23 662 1
PAINT_SQUARE 26 662 1
PAINT_SQUARE 120 662 1
PAINT_SQUARE 22 663 1
PAINT_SQUARE 4 667 1
PAINT_SQUARE 116 667 1
PAINT_SQUARE 38 669 1
PAINT_SQUARE 131 670 1
PAINT_SQUARE 38 673 2
PAINT_SQUARE 112 672 1
PAINT_SQUARE 117 672 1
PAINT_SQUARE 140 672 1
PAINT_SQUARE 55 673 1
PAINT_SQUARE 139 673 1
PAINT_SQUARE 146 673 1
PAINT_SQUARE 36 675 1
PAINT_SQUARE 54 675 1
PAINT_SQUARE 118 675 1
PAINT_SQUARE 138 675 1
PAINT_SQUARE 145 675 1
PAINT_SQUARE 130 676 1
PAINT_SQUARE 134 676 1
PAINT_SQUARE 57 677 1
PAINT_SQUARE 133 678 1
PAINT_SQUARE 119 679 1
PAINT_SQUARE 60 680 1
PAINT_SQUARE 63 682 1
PAINT_SQUARE 121 682 1
PAINT_SQUARE 34 683 1
PAINT_SQUARE 66 684 1
PAINT_SQUARE 116 685 1
PAINT_SQUARE 70 687 1
PAINT_SQUARE 117 688 1
PAINT_SQUARE 125 688 1
PAINT_SQUARE 73 689 1
PAINT_SQUARE 129 690 2
PAINT_SQUARE 72 690 1
PAINT_SQUARE 118 691 1
PAINT_SQUARE 127 691 1
PAINT_SQUARE 75 692 1
PAINT_SQUARE 78 694 1
PAINT_SQUARE 120 694 1
PAINT_SQUARE 2 696 2
PAINT_SQUARE 81 696 1
PAINT_SQUARE 123 696 1
PAINT_SQUARE 136 696 1
PAINT_SQUARE 139 696 1
PAINT_SQUARE 6 697 1
PAINT_SQUARE 134 697 1
PAINT_SQUARE 85 699 1
PAINT_SQUARE 124 699 1
PAINT_SQUARE 140 699 1
PAINT_SQUARE 88 701 1
PAINT_SQUARE 127 701 1
PAINT_SQUARE 91 702 1
PAINT_SQUARE 29 703 1
PAINT_SQUARE 130 703 1
PAINT_SQUARE 129 704 1
PAINT_SQUARE 136 704 1
PAINT_SQUARE 140 704 1
PAINT_SQUARE 92 705 1
PAINT_SQUARE 95 705 1
PAINT_SQUARE 134 706 2
PAINT_SQUARE 140 706 2
PAINT_SQUARE 28 706 1
PAINT_SQUARE 132 706 1
PAINT_SQUARE 138 707 1
PAINT_SQUARE 95 708 1
PAINT_SQUARE 68 710 1
PAINT_SQUARE 144 710 1
PAINT_SQUARE 71 712 1
PAINT_SQUARE 145 713 1
PAINT_SQUARE 74 715 1
PAINT_SQUARE 147 716 1
PAINT_SQUARE 75 718 1
PAINT_SQUARE 148 719 1
PAINT_SQUARE 151 720 1
PAINT_SQUARE 78 721 1
PAINT_SQUARE 81 722 1
PAINT_SQUARE 80 724 1
PAINT_SQUARE 69 725 1
PAINT_SQUARE 72 726 1
PAINT_SQUARE 82 727 1
PAINT_SQUARE 40 729 1
PAINT_SQUARE 43 729 1
PAINT_SQUARE 83 730 1
PAINT_SQUARE 86 731 1
PAINT_SQUARE 77 733 1
PAINT_SQUARE 80 735 1
PAINT_SQUARE 88 735 1
PAINT_SQUARE 68 739 1
PAINT_SQUARE 91 739 1
PAINT_SQUARE 5 740 1
PAINT_SQUARE 67 740 1
PAINT_SQUARE 83 740 1
PAINT_SQUARE 1 741 1
PAINT_SQUARE 4 741 1
PAINT_SQUARE 93 742 1
PAINT_SQUARE 62 743 1
PAINT_SQUARE 65 743 1
PAINT_SQUARE 71 743 1
PAINT_SQUARE 84 743 1
PAINT_SQUARE 87 743 1
PAINT_SQUARE 96 744 1
PAINT_SQUARE 76 745 1
PAINT_SQUARE 66 746 1
PAINT_SQUARE 99 746 1
PAINT_SQUARE 102 746 1
PAINT_SQUARE 69 747 1
PAINT_SQUARE 78 748 1
PAINT_SQUARE 89 748 1
PAINT_SQUARE 92 749 1
PAINT_SQUARE 102 749 1
PAINT_SQUARE 70 750 1
PAINT_SQUARE 83 750 1
PAINT_SQUARE 65 752 1
PAINT_SQUARE 93 752 1
PAINT_SQUARE 96 752 1
PAINT_SQUARE 75 753 1
PAINT_SQUARE 86 753 1
PAINT_SQUARE 68 754 1
PAINT_SQUARE 97 755 1
PAINT_SQUARE 152 755 1
PAINT_SQUARE 155 755 1
PAINT_SQUARE 77 756 1
PAINT_SQUARE 101 756 1
PAINT_SQUARE 150 756 1
PAINT_SQUARE 80 757 1
PAINT_SQUARE 89 757 1
PAINT_SQUARE 100 757 1
PAINT_SQUARE 149 757 1
PAINT_SQUARE 69 758 1
PAINT_SQUARE 83 758 1
PAINT_SQUARE 92 758 1
PAINT_SQUARE 97 758 1
PAINT_SQUARE 148 758 1
PAINT_SQUARE 61 759 1
PAINT_SQUARE 78 760 2
PAINT_SQUARE 147 759 1
PAINT_SQUARE 82 760 1
PAINT_SQUARE 90 760 1
PAINT_SQUARE 85 761 1
PAINT_SQUARE 64 762 1
PAINT_SQUARE 74 762 1
PAINT_SQUARE 67 763 1
PAINT_SQUARE 88 763 1
PAINT_SQUARE 92 763 1
PAINT_SQUARE 142 763 1
PAINT_SQUARE 39 764 1
PAINT_SQUARE 77 764 1
PAINT_SQUARE 86 765 2
PAINT_SQUARE 95 764 1
PAINT_SQUARE 141 764 1
PAINT_SQUARE 35 765 1
PAINT_SQUARE 38 765 1
PAINT_SQUARE 75 765 1
PAINT_SQUARE 13 766 1
PAINT_SQUARE 68 766 1
PAINT_SQUARE 92 766 1
PAINT_SQUARE 98 766 1
PAINT_SQUARE 60 767 1
PAINT_SQUARE 95 767 1
PAINT_SQUARE 76 768 1
PAINT_SQUARE 82 768 1
PAINT_SQUARE 90 768 1
PAINT_SQUARE 75 769 1
PAINT_SQUARE 86 770 2
PAINT_SQUARE 99 769 1
PAINT_SQUARE 73 770 1
PAINT_SQUARE 63 771 1
PAINT_SQUARE 85 772 2
PAINT_SQUARE 91 771 1
PAINT_SQUARE 66 772 1
PAINT_SQUARE 76 772 1
PAINT_SQUARE 75 774 2
PAINT_SQUARE 94 773 1
PAINT_SQUARE 85 776 3
PAINT_SQUARE 92 774 1
PAINT_SQUARE 95 776 1
PAINT_SQUARE 11 777 1
PAINT_SQUARE 16 778 2
PAINT_SQUARE 21 778 2
PAINT_SQUARE 26 778 2
PAINT_SQUARE 32 777 1
PAINT_SQUARE 67 777 1
PAINT_SQUARE 10 778 1
PAINT_SQUARE 14 778 1
PAINT_SQUARE 30 778 1
PAINT_SQUARE 35 778 1
PAINT_SQUARE 38 778 1
PAINT_SQUARE 66 778 1
PAINT_SQUARE 77 778 1
PAINT_SQUARE 82 780 3
PAINT_SQUARE 98 778 1
PAINT_SQUARE 58 779 1
PAINT_SQUARE 70 780 1
PAINT_SQUARE 43 781 1
PAINT_SQUARE 78 781 1
PAINT_SQUARE 89 781 1
PAINT_SQUARE 128 781 1
PAINT_SQUARE 73 782 1
PAINT_SQUARE 127 782 1
PAINT_SQUARE 62 783 1
PAINT_SQUARE 65 783 1
PAINT_SQUARE 77 784 2
PAINT_SQUARE 92 783 1
PAINT_SQUARE 89 784 1
PAINT_SQUARE 84 785 1
PAINT_SQUARE 95 785 1
PAINT_SQUARE 93 786 1
PAINT_SQUARE 4 787 1
PAINT_SQUARE 98 787 1
PAINT_SQUARE 3 788 1
PAINT_SQUARE 154 788 1
PAINT_SQUARE 24 789 1
PAINT_SQUARE 61 789 1
PAINT_SQUARE 152 789 1
PAINT_SQUARE 150 790 1
PAINT_SQUARE 4 791 1
PAINT_SQUARE 129 791 1
PAINT_SQUARE 148 792 2
PAINT_SQUARE 147 793 2
PAINT_SQUARE 143 793 1
PAINT_SQUARE 68 796 2
PAINT_SQUARE 73 796 2
PAINT_SQUARE 78 796 2
PAINT_SQUARE 83 796 2
PAINT_SQUARE 91 796 2
PAINT_SQUARE 98 796 2
PAINT_SQUARE 103 796 2
PAINT_SQUARE 142 795 1
PAINT_SQUARE 66 796 1
PAINT_SQUARE 88 797 2
PAINT_SQUARE 96 797 2
PAINT_SQUARE 140 796 1
PAINT_SQUARE 65 797 1
PAINT_SQUARE 107 797 1
PAINT_SQUARE 139 797 1
PAINT_SQUARE 146 797 1
PAINT_SQUARE 138 798 1
PAINT_LINE 3 0 3 2
PAINT_LINE 4 0 4 0
PAINT_LINE 29 0 31 0
PAINT_LINE 45 0 45 155
PAINT_LINE 46 0 46 9
PAINT_LINE 50 0 50 9
PAINT_LINE 51 0 51 7
PAINT_LINE 62 0 62 36
PAINT_LINE 70 0 70 3
PAINT_LINE 82 0 82 6
PAINT_LINE 87 0 87 7
PAINT_LINE 113 0 113 1
PAINT_LINE 129 0 129 0
PAINT_LINE 30 1 31 1
PAINT_LINE 2 2 2 6
PAINT_LINE 30 2 31 2
PAINT_LINE 48 2 48 9
PAINT_LINE 83 2 83 20
PAINT_LINE 131 2 132 2
PAINT_LINE 31 3 31 20
PAINT_LINE 104 3 108 3
PAINT_LINE 110 3 110 3
PAINT_LINE 134 3 134 15
PAINT_LINE 135 4 135 16
PAINT_LINE 32 5 32 31
PAINT_LINE 70 5 70 36
PAINT_LINE 105 5 105 5
PAINT_LINE 124 5 136 5
PAINT_LINE 39 6 39 6
PAINT_LINE 86 6 86 17
PAINT_LINE 124 6 137 6
PAINT_LINE 1 7 1 15
PAINT_LINE 76 7 76 16
PAINT_LINE 84 7 84 22
PAINT_LINE 138 7 138 21
PAINT_LINE 125 8 139 8
PAINT_LINE 42 9 50 9
PAINT_LINE 126 9 139 9
PAINT_LINE 140 10 140 25
PAINT_LINE 46 11 46 17
PAINT_LINE 127 11 140 11
PAINT_LINE 0 12 0 27
PAINT_LINE 100 12 100 15
PAINT_LINE 128 12 141 12
PAINT_LINE 75 13 75 18
PAINT_LINE 141 13 141 27
PAINT_LINE 131 14 142 14
PAINT_LINE 143 15 143 30
PAINT_LINE 63 16 63 18
PAINT_LINE 72 16 76 16
PAINT_LINE 144 16 144 33
PAINT_LINE 61 17 75 17
PAINT_LINE 136 17 136 18
PAINT_LINE 61 18 71 18
PAINT_LINE 74 18 75 18
PAINT_LINE 99 18 99 24
PAINT_LINE 100 18 100 21
PAINT_LINE 33 19 33 25
PAINT_LINE 61 19 61 20
PAINT_LINE 66 19 67 19
PAINT_LINE 85 19 85 22
PAINT_LINE 92 19 92 22
PAINT_LINE 1 20 1 32
PAINT_LINE 58 20 58 20
PAINT_LINE 91 20 91 23
PAINT_LINE 137 20 146 20
PAINT_LINE 63 21 63 21
PAINT_LINE 93 21 93 21
PAINT_LINE 95 21 100 21
PAINT_LINE 147 21 147 57
PAINT_LINE 46 22 46 23
PAINT_LINE 90 22 90 28
PAINT_LINE 76 24 76 35
PAINT_LINE 77 24 77 34
PAINT_LINE 148 24 148 58
PAINT_LINE 64 25 70 25
PAINT_LINE 31 26 31 36
PAINT_LINE 54 26 54 35
PAINT_LINE 65 26 70 26
PAINT_LINE 96 26 96 35
PAINT_LINE 97 26 97 29
PAINT_LINE 98 26 98 27
PAINT_LINE 53 27 54 27
PAINT_LINE 66 27 67 27
PAINT_LINE 89 27 89 30
PAINT_LINE 46 28 46 29
PAINT_LINE 72 28 72 34
PAINT_LINE 2 29 2 36
PAINT_LINE 150 29 150 60
PAINT_LINE 46 31 46 35
PAINT_LINE 66 31 67 31
PAINT_LINE 88 31 88 33
PAINT_LINE 149 31 149 58
PAINT_LINE 49 32 49 35
PAINT_LINE 61 32 61 33
PAINT_LINE 95 32 95 36
PAINT_LINE 40 33 49 33
PAINT_LINE 75 33 75 35
PAINT_LINE 3 34 3 38
PAINT_LINE 40 34 54 34
PAINT_LINE 71 34 77 34
PAINT_LINE 87 34 87 37
PAINT_LINE 145 34 151 34
PAINT_LINE 41 35 47 35
PAINT_LINE 63 35 63 35
PAINT_LINE 66 35 66 35
PAINT_LINE 94 35 94 36
PAINT_LINE 152 35 152 65
PAINT_LINE 30 36 30 37
PAINT_LINE 41 36 43 36
PAINT_LINE 107 36 107 38
PAINT_LINE 151 36 151 63
PAINT_LINE 42 37 46 37
PAINT_LINE 86 37 86 68
PAINT_LINE 108 37 108 39
PAINT_LINE 46 38 46 43
PAINT_LINE 70 38 70 153
PAINT_LINE 109 38 109 40
PAINT_LINE 4 39 4 43
PAINT_LINE 29 39 31 39
PAINT_LINE 47 39 47 40
PAINT_LINE 52 39 52 47
PAINT_LINE 62 39 62 112
PAINT_LINE 87 39 87 54
PAINT_LINE 110 39 110 43
PAINT_LINE 28 40 31 40
PAINT_LINE 43 40 47 40
PAINT_LINE 111 40 111 40
PAINT_LINE 130 40 131 40
PAINT_LINE 5 41 5 44
PAINT_LINE 28 41 28 43
PAINT_LINE 31 41 31 154
PAINT_LINE 44 41 46 41
PAINT_LINE 113 42 113 48
PAINT_LINE 133 42 133 49
PAINT_LINE 27 43 27 44
PAINT_LINE 53 43 53 45
PAINT_LINE 114 43 114 47
PAINT_LINE 134 43 134 49
PAINT_LINE 6 44 6 46
PAINT_LINE 123 44 124 44
PAINT_LINE 7 45 7 47
PAINT_LINE 26 45 26 46
PAINT_LINE 8 46 8 48
PAINT_LINE 39 46 46 46
PAINT_LINE 96 46 96 55
PAINT_LINE 154 46 154 60
PAINT_LINE 9 47 9 48
PAINT_LINE 25 47 25 47
PAINT_LINE 39 47 52 47
PAINT_LINE 97 47 97 47
PAINT_LINE 112 47 154 47
PAINT_LINE 10 48 10 49
PAINT_LINE 23 48 24 48
PAINT_LINE 39 48 39 48
PAINT_LINE 46 48 46 60
PAINT_LINE 47 48 51 48
PAINT_LINE 112 48 113 48
PAINT_LINE 115 48 121 48
PAINT_LINE 123 48 123 48
PAINT_LINE 129 48 154 48
PAINT_LINE 11 49 11 50
PAINT_LINE 22 49 23 49
PAINT_LINE 108 49 108 49
PAINT_LINE 132 49 154 49
PAINT_LINE 12 50 12 51
PAINT_LINE 21 50 22 50
PAINT_LINE 106 50 106 50
PAINT_LINE 135 50 154 50
PAINT_LINE 13 51 13 52
PAINT_LINE 19 51 21 51
PAINT_LINE 102 51 102 51
PAINT_LINE 138 51 154 51
PAINT_LINE 14 52 20 52
PAINT_LINE 99 52 100 52
PAINT_LINE 141 52 154 52
PAINT_LINE 99 53 99 53
PAINT_LINE 153 53 154 53
PAINT_LINE 72 54 72 61
PAINT_LINE 78 54 78 55
PAINT_LINE 94 54 94 57
PAINT_LINE 144 54 155 54
PAINT_LINE 93 55 93 58
PAINT_LINE 95 55 95 56
PAINT_LINE 125 55 125 55
PAINT_LINE 145 55 155 55
PAINT_LINE 73 56 73 60
PAINT_LINE 92 56 92 59
PAINT_LINE 113 56 113 57
PAINT_LINE 155 56 155 81
PAINT_LINE 91 57 91 60
PAINT_LINE 110 57 134 57
PAINT_LINE 49 58 49 64
PAINT_LINE 90 58 90 62
PAINT_LINE 106 58 106 60
PAINT_LINE 110 58 110 58
PAINT_LINE 112 58 112 58
PAINT_LINE 117 58 117 58
PAINT_LINE 121 58 135 58
PAINT_LINE 48 59 48 68
PAINT_LINE 105 59 105 61
PAINT_LINE 127 59 136 59
PAINT_LINE 63 60 76 60
PAINT_LINE 104 60 107 60
PAINT_LINE 129 60 137 60
PAINT_LINE 61 61 61 62
PAINT_LINE 71 61 72 61
PAINT_LINE 89 61 89 63
PAINT_LINE 103 61 105 61
PAINT_LINE 121 61 121 63
PAINT_LINE 122 61 122 63
PAINT_LINE 131 61 131 61
PAINT_LINE 133 61 139 61
PAINT_LINE 83 62 83 63
PAINT_LINE 88 62 88 65
PAINT_LINE 101 62 103 62
PAINT_LINE 112 62 123 62
PAINT_LINE 134 62 140 62
PAINT_LINE 69 63 71 63
PAINT_LINE 100 63 102 63
PAINT_LINE 109 63 118 63
PAINT_LINE 120 63 127 63
PAINT_LINE 136 63 141 63
PAINT_LINE 54 64 54 65
PAINT_LINE 58 64 58 67
PAINT_LINE 59 64 59 66
PAINT_LINE 71 64 71 64
PAINT_LINE 98 64 100 64
PAINT_LINE 108 64 112 64
PAINT_LINE 123 64 129 64
PAINT_LINE 138 64 142 64
PAINT_LINE 153 64 153 98
PAINT_LINE 36 65 48 65
PAINT_LINE 55 65 70 65
PAINT_LINE 87 65 87 67
PAINT_LINE 98 65 99 65
PAINT_LINE 107 65 109 65
PAINT_LINE 118 65 119 65
PAINT_LINE 128 65 131 65
PAINT_LINE 139 65 143 65
PAINT_LINE 36 66 48 66
PAINT_LINE 56 66 70 66
PAINT_LINE 82 66 82 81
PAINT_LINE 97 66 98 66
PAINT_LINE 106 66 107 66
PAINT_LINE 119 66 119 68
PAINT_LINE 120 66 120 67
PAINT_LINE 122 66 122 68
PAINT_LINE 129 66 132 66
PAINT_LINE 141 66 144 66
PAINT_LINE 38 67 48 67
PAINT_LINE 66 67 67 67
PAINT_LINE 69 67 70 67
PAINT_LINE 83 67 87 67
PAINT_LINE 96 67 97 67
PAINT_LINE 105 67 106 67
PAINT_LINE 115 67 123 67
PAINT_LINE 131 67 133 67
PAINT_LINE 142 67 145 67
PAINT_LINE 16 68 20 68
PAINT_LINE 39 68 40 68
PAINT_LINE 46 68 46 76
PAINT_LINE 83 68 83 69
PAINT_LINE 85 68 85 73
PAINT_LINE 95 68 96 68
PAINT_LINE 104 68 104 73
PAINT_LINE 105 68 105 68
PAINT_LINE 114 68 119 68
PAINT_LINE 121 68 125 68
PAINT_LINE 132 68 134 68
PAINT_LINE 143 68 146 68
PAINT_LINE 15 69 15 72
PAINT_LINE 16 69 16 69
PAINT_LINE 20 69 21 69
PAINT_LINE 39 69 42 69
PAINT_LINE 94 69 94 90
PAINT_LINE 95 69 95 69
PAINT_LINE 103 69 103 79
PAINT_LINE 126 69 126 73
PAINT_LINE 20 70 21 70
PAINT_LINE 40 70 43 70
PAINT_LINE 86 70 86 72
PAINT_LINE 88 70 89 70
PAINT_LINE 107 70 107 72
PAINT_LINE 108 70 108 73
PAINT_LINE 127 70 127 70
PAINT_LINE 130 70 130 72
PAINT_LINE 139 70 139 73
PAINT_LINE 140 70 140 72
PAINT_LINE 21 71 21 71
PAINT_LINE 44 71 44 72
PAINT_LINE 87 71 153 71
PAINT_LINE 83 72 87 72
PAINT_LINE 89 72 89 72
PAINT_LINE 91 72 153 72
PAINT_LINE 42 73 43 73
PAINT_LINE 84 73 84 77
PAINT_LINE 93 73 93 79
PAINT_LINE 99 73 104 73
PAINT_LINE 113 73 113 73
PAINT_LINE 115 73 115 73
PAINT_LINE 122 73 129 73
PAINT_LINE 131 73 131 73
PAINT_LINE 133 73 133 87
PAINT_LINE 134 73 134 82
PAINT_LINE 135 73 135 73
PAINT_LINE 138 73 139 73
PAINT_LINE 143 73 155 73
PAINT_LINE 15 74 15 77
PAINT_LINE 102 74 102 77
PAINT_LINE 110 74 110 77
PAINT_LINE 111 74 111 81
PAINT_LINE 128 74 128 78
PAINT_LINE 147 74 147 84
PAINT_LINE 148 74 148 79
PAINT_LINE 21 75 21 77
PAINT_LINE 83 75 83 77
PAINT_LINE 74 76 74 81
PAINT_LINE 104 76 104 86
PAINT_LINE 16 77 16 79
PAINT_LINE 20 77 20 79
PAINT_LINE 18 78 18 81
PAINT_LINE 19 78 19 80
PAINT_LINE 127 78 127 81
PAINT_LINE 17 79 17 80
PAINT_LINE 83 79 83 91
PAINT_LINE 85 79 85 79
PAINT_LINE 112 79 112 83
PAINT_LINE 146 79 146 91
PAINT_LINE 32 80 36 80
PAINT_LINE 38 80 38 82
PAINT_LINE 39 80 39 82
PAINT_LINE 78 80 85 80
PAINT_LINE 32 81 46 81
PAINT_LINE 78 81 79 81
PAINT_LINE 81 81 85 81
PAINT_LINE 32 82 32 82
PAINT_LINE 34 82 35 82
PAINT_LINE 40 82 45 82
PAINT_LINE 78 82 79 82
PAINT_LINE 93 82 94 82
PAINT_LINE 105 82 105 89
PAINT_LINE 113 82 113 85
PAINT_LINE 120 82 120 82
PAINT_LINE 126 82 126 83
PAINT_LINE 154 82 154 90
PAINT_LINE 74 83 74 86
PAINT_LINE 114 83 114 86
PAINT_LINE 119 83 119 153
PAINT_LINE 46 84 46 154
PAINT_LINE 67 84 67 85
PAINT_LINE 73 84 80 84
PAINT_LINE 95 84 95 95
PAINT_LINE 120 84 120 84
PAINT_LINE 125 84 125 86
PAINT_LINE 132 84 132 90
PAINT_LINE 68 85 70 85
PAINT_LINE 73 85 80 85
PAINT_LINE 106 85 106 91
PAINT_LINE 115 85 115 87
PAINT_LINE 69 86 70 86
PAINT_LINE 80 86 80 86
PAINT_LINE 84 86 84 95
PAINT_LINE 116 86 116 88
PAINT_LINE 124 86 124 87
PAINT_LINE 145 86 145 103
PAINT_LINE 48 87 49 87
PAINT_LINE 117 87 117 88
PAINT_LINE 120 87 120 90
PAINT_LINE 122 87 124 87
PAINT_LINE 118 88 123 88
PAINT_LINE 131 88 131 91
PAINT_LINE 150 88 150 153
PAINT_LINE 107 89 107 95
PAINT_LINE 128 89 128 153
PAINT_LINE 141 89 141 153
PAINT_LINE 86 90 86 103
PAINT_LINE 17 91 19 91
PAINT_LINE 50 91 50 93
PAINT_LINE 96 91 96 99
PAINT_LINE 16 92 18 92
PAINT_LINE 20 92 20 92
PAINT_LINE 108 92 108 96
PAINT_LINE 144 92 144 102
PAINT_LINE 16 93 17 93
PAINT_LINE 21 93 21 94
PAINT_LINE 129 93 129 95
PAINT_LINE 130 93 130 94
PAINT_LINE 15 94 15 96
PAINT_LINE 16 94 16 94
PAINT_LINE 85 94 85 100
PAINT_LINE 22 95 22 97
PAINT_LINE 97 95 97 104
PAINT_LINE 110 95 110 99
PAINT_LINE 120 95 120 95
PAINT_LINE 112 96 112 100
PAINT_LINE 127 96 127 98
PAINT_LINE 113 97 113 101
PAINT_LINE 126 97 126 99
PAINT_LINE 142 97 142 98
PAINT_LINE 14 98 14 99
PAINT_LINE 37 98 40 98
PAINT_LINE 42 98 42 100
PAINT_LINE 43 98 43 100
PAINT_LINE 120 98 120 102
PAINT_LINE 125 98 125 100
PAINT_LINE 129 98 129 98
PAINT_LINE 37 99 49 99
PAINT_LINE 87 99 87 107
PAINT_LINE 98 99 98 106
PAINT_LINE 111 99 115 99
PAINT_LINE 124 99 124 100
PAINT_LINE 146 99 146 103
PAINT_LINE 122 100 122 102
PAINT_LINE 123 100 123 101
PAINT_LINE 140 100 140 101
PAINT_LINE 14 101 14 106
PAINT_LINE 114 101 123 101
PAINT_LINE 129 101 129 134
PAINT_LINE 23 102 23 103
PAINT_LINE 48 102 48 102
PAINT_LINE 114 102 122 102
PAINT_LINE 116 103 116 103
PAINT_LINE 118 103 119 103
PAINT_LINE 157 103 157 105
PAINT_LINE 88 104 88 111
PAINT_LINE 99 104 99 108
PAINT_LINE 142 104 142 107
PAINT_LINE 143 104 143 104
PAINT_LINE 152 104 152 106
PAINT_LINE 156 104 156 105
PAINT_LINE 120 105 120 107
PAINT_LINE 151 105 151 106
PAINT_LINE 15 106 15 107
PAINT_LINE 22 106 22 107
PAINT_LINE 100 106 100 111
PAINT_LINE 16 107 16 108
PAINT_LINE 21 107 21 108
PAINT_LINE 101 107 101 112
PAINT_LINE 17 108 17 109
PAINT_LINE 140 108 140 117
PAINT_LINE 120 109 120 117
PAINT_LINE 103 110 103 114
PAINT_LINE 18 111 19 111
PAINT_LINE 89 111 89 113
PAINT_LINE 90 111 90 116
PAINT_LINE 102 111 102 113
PAINT_LINE 91 112 91 117
PAINT_LINE 104 112 104 116
PAINT_LINE 105 114 105 118
PAINT_LINE 106 115 106 119
PAINT_LINE 136 115 136 117
PAINT_LINE 62 116 62 141
PAINT_LINE 93 116 93 121
PAINT_LINE 135 116 135 119
PAINT_LINE 137 116 137 116
PAINT_LINE 139 116 141 116
PAINT_LINE 148 116 148 124
PAINT_LINE 152 116 152 118
PAINT_LINE 107 117 107 120
PAINT_LINE 134 117 134 120
PAINT_LINE 108 118 108 121
PAINT_LINE 133 118 135 118
PAINT_LINE 109 119 109 119
PAINT_LINE 17 120 17 122
PAINT_LINE 18 120 18 121
PAINT_LINE 94 120 94 122
PAINT_LINE 95 120 95 124
PAINT_LINE 120 120 120 121
PAINT_LINE 152 120 152 122
PAINT_LINE 16 121 20 121
PAINT_LINE 112 121 112 123
PAINT_LINE 113 121 113 123
PAINT_LINE 147 121 147 122
PAINT_LINE 20 122 21 122
PAINT_LINE 96 122 96 125
PAINT_LINE 114 122 114 123
PAINT_LINE 116 122 116 125
PAINT_LINE 117 122 117 125
PAINT_LINE 131 122 132 122
PAINT_LINE 14 123 14 125
PAINT_LINE 20 123 22 123
PAINT_LINE 97 123 97 128
PAINT_LINE 110 123 129 123
PAINT_LINE 146 123 146 124
PAINT_LINE 21 124 22 124
PAINT_LINE 115 124 129 124
PAINT_LINE 13 125 13 128
PAINT_LINE 21 125 22 125
PAINT_LINE 98 125 98 129
PAINT_LINE 120 125 120 144
PAINT_LINE 123 125 123 125
PAINT_LINE 152 125 152 129
PAINT_LINE 22 126 22 129
PAINT_LINE 146 126 146 130
PAINT_LINE 148 126 148 126
PAINT_LINE 157 126 157 126
PAINT_LINE 153 127 157 127
PAINT_LINE 100 128 100 132
PAINT_LINE 153 128 157 128
PAINT_LINE 23 129 23 133
PAINT_LINE 102 130 102 134
PAINT_LINE 142 130 142 130
PAINT_LINE 145 130 145 131
PAINT_LINE 13 131 13 135
PAINT_LINE 103 131 103 135
PAINT_LINE 144 131 144 132
PAINT_LINE 101 132 101 133
PAINT_LINE 140 132 140 135
PAINT_LINE 14 133 14 137
PAINT_LINE 22 133 22 136
PAINT_LINE 108 134 108 139
PAINT_LINE 139 134 141 134
PAINT_LINE 104 135 109 135
PAINT_LINE 138 135 138 135
PAINT_LINE 15 136 15 138
PAINT_LINE 21 136 21 138
PAINT_LINE 104 136 110 136
PAINT_LINE 137 136 137 136
PAINT_LINE 16 137 16 139
PAINT_LINE 20 137 20 139
PAINT_LINE 28 137 28 139
PAINT_LINE 105 137 112 137
PAINT_LINE 129 137 129 152
PAINT_LINE 136 137 136 137
PAINT_LINE 113 138 113 138
PAINT_LINE 109 139 116 139
PAINT_LINE 134 139 134 139
PAINT_LINE 110 140 133 140
PAINT_LINE 111 141 131 141
PAINT_LINE 114 142 129 142
PAINT_LINE 118 143 120 143
PAINT_LINE 122 143 122 143
PAINT_LINE 124 143 124 143
PAINT_LINE 126 143 126 143
PAINT_LINE 62 145 62 155
PAINT_LINE 56 146 56 148
PAINT_LINE 58 146 58 155
PAINT_LINE 64 146 64 148
PAINT_LINE 66 146 66 155
PAINT_LINE 67 146 67 155
PAINT_LINE 69 146 69 154
PAINT_LINE 54 147 70 147
PAINT_LINE 120 147 120 150
PAINT_LINE 54 148 70 148
PAINT_LINE 143 148 143 153
PAINT_LINE 59 149 59 155
PAINT_LINE 63 149 63 155
PAINT_LINE 144 149 144 150
PAINT_LINE 17 150 18 150
PAINT_LINE 54 150 54 154
PAINT_LINE 142 150 144 150
PAINT_LINE 148 150 148 163
PAINT_LINE 16 151 17 151
PAINT_LINE 20 151 20 152
PAINT_LINE 147 151 148 151
PAINT_LINE 16 152 16 152
PAINT_LINE 21 152 21 154
PAINT_LINE 120 152 120 153
PAINT_LINE 22 153 22 159
PAINT_LINE 149 153 149 158
PAINT_LINE 55 154 69 154
PAINT_LINE 145 154 145 156
PAINT_LINE 34 155 45 155
PAINT_LINE 55 155 67 155
PAINT_LINE 146 155 146 155
PAINT_LINE 151 155 157 155
PAINT_LINE 144 157 144 158
PAINT_LINE 147 157 149 157
PAINT_LINE 14 159 15 159
PAINT_LINE 15 160 15 164
PAINT_LINE 146 161 146 183
PAINT_LINE 21 162 21 164
PAINT_LINE 16 163 16 165
PAINT_LINE 20 163 20 165
PAINT_LINE 17 164 17 166
PAINT_LINE 19 164 19 166
PAINT_LINE 129 164 129 189
PAINT_LINE 18 165 18 166
PAINT_LINE 148 165 148 166
PAINT_LINE 148 169 148 169
PAINT_LINE 130 170 130 185
PAINT_LINE 147 171 148 171
PAINT_LINE 131 172 131 182
PAINT_LINE 147 172 148 172
PAINT_LINE 17 174 18 174
PAINT_LINE 16 175 21 175
PAINT_LINE 132 175 132 176
PAINT_LINE 147 175 148 175
PAINT_LINE 12 176 14 176
PAINT_LINE 19 176 22 176
PAINT_LINE 147 176 148 176
PAINT_LINE 11 177 11 179
PAINT_LINE 12 177 12 178
PAINT_LINE 21 177 21 177
PAINT_LINE 148 177 148 182
PAINT_LINE 150 177 150 183
PAINT_LINE 10 179 10 181
PAINT_LINE 9 180 9 182
PAINT_LINE 24 180 24 182
PAINT_LINE 25 180 25 186
PAINT_LINE 156 181 156 183
PAINT_LINE 157 181 157 183
PAINT_LINE 8 182 9 182
PAINT_LINE 147 182 157 182
PAINT_LINE 144 183 144 185
PAINT_LINE 147 183 147 183
PAINT_LINE 149 183 157 183
PAINT_LINE 8 184 8 185
PAINT_LINE 7 185 7 205
PAINT_LINE 26 185 26 192
PAINT_LINE 142 186 142 187
PAINT_LINE 120 187 129 187
PAINT_LINE 141 187 142 187
PAINT_LINE 146 187 146 187
PAINT_LINE 128 188 128 190
PAINT_LINE 27 190 27 203
PAINT_LINE 6 192 6 201
PAINT_LINE 128 193 128 200
PAINT_LINE 119 194 119 201
PAINT_LINE 120 194 128 194
PAINT_LINE 120 195 120 198
PAINT_LINE 125 195 128 195
PAINT_LINE 142 195 142 204
PAINT_LINE 127 197 127 204
PAINT_LINE 143 197 143 200
PAINT_LINE 126 199 126 209
PAINT_LINE 139 199 139 200
PAINT_LINE 144 200 144 200
PAINT_LINE 52 201 52 201
PAINT_LINE 63 201 63 217
PAINT_LINE 118 201 118 208
PAINT_LINE 140 201 142 201
PAINT_LINE 145 201 146 201
PAINT_LINE 65 202 66 202
PAINT_LINE 140 202 142 202
PAINT_LINE 145 202 146 202
PAINT_LINE 26 203 26 205
PAINT_LINE 139 203 139 203
PAINT_LINE 141 203 141 204
PAINT_LINE 147 203 147 203
PAINT_LINE 68 204 68 222
PAINT_LINE 125 204 125 214
PAINT_LINE 148 204 151 204
PAINT_LINE 153 204 153 204
PAINT_LINE 155 204 155 204
PAINT_LINE 69 205 69 223
PAINT_LINE 144 205 144 210
PAINT_LINE 150 205 150 218
PAINT_LINE 151 205 151 207
PAINT_LINE 152 205 152 206
PAINT_LINE 8 206 8 209
PAINT_LINE 70 206 70 226
PAINT_LINE 103 206 103 206
PAINT_LINE 141 206 141 233
PAINT_LINE 147 206 147 208
PAINT_LINE 148 206 148 208
PAINT_LINE 153 206 153 206
PAINT_LINE 25 207 25 210
PAINT_LINE 71 207 71 228
PAINT_LINE 117 207 117 214
PAINT_LINE 143 207 151 207
PAINT_LINE 155 207 155 207
PAINT_LINE 157 207 157 215
PAINT_LINE 9 208 9 210
PAINT_LINE 98 208 109 208
PAINT_LINE 149 208 149 217
PAINT_LINE 10 209 10 213
PAINT_LINE 98 209 111 209
PAINT_LINE 139 209 139 210
PAINT_LINE 24 210 24 212
PAINT_LINE 73 210 73 210
PAINT_LINE 98 210 99 210
PAINT_LINE 105 210 117 210
PAINT_LINE 135 210 135 215
PAINT_LINE 11 211 11 215
PAINT_LINE 74 211 74 236
PAINT_LINE 100 211 100 216
PAINT_LINE 106 211 121 211
PAINT_LINE 136 211 136 216
PAINT_LINE 138 211 138 216
PAINT_LINE 151 211 151 217
PAINT_LINE 9 212 11 212
PAINT_LINE 108 212 138 212
PAINT_LINE 23 213 23 215
PAINT_LINE 101 213 101 217
PAINT_LINE 109 213 110 213
PAINT_LINE 112 213 143 213
PAINT_LINE 12 214 12 216
PAINT_LINE 75 214 75 214
PAINT_LINE 94 214 94 220
PAINT_LINE 115 214 144 214
PAINT_LINE 21 215 21 217
PAINT_LINE 22 215 22 216
PAINT_LINE 95 215 95 215
PAINT_LINE 97 215 104 215
PAINT_LINE 119 215 123 215
PAINT_LINE 127 215 157 215
PAINT_LINE 13 216 15 216
PAINT_LINE 17 216 17 218
PAINT_LINE 18 216 18 218
PAINT_LINE 107 216 107 219
PAINT_LINE 139 216 156 216
PAINT_LINE 13 217 21 217
PAINT_LINE 53 217 53 217
PAINT_LINE 64 217 77 217
PAINT_LINE 102 217 108 217
PAINT_LINE 110 217 111 217
PAINT_LINE 139 217 146 217
PAINT_LINE 148 217 154 217
PAINT_LINE 157 217 157 225
PAINT_LINE 14 218 20 218
PAINT_LINE 64 218 77 218
PAINT_LINE 95 218 95 224
PAINT_LINE 102 218 113 218
PAINT_LINE 152 218 154 218
PAINT_LINE 15 219 16 219
PAINT_LINE 28 219 29 219
PAINT_LINE 47 219 49 219
PAINT_LINE 77 219 78 219
PAINT_LINE 96 219 96 224
PAINT_LINE 106 219 115 219
PAINT_LINE 117 219 117 221
PAINT_LINE 118 219 118 221
PAINT_LINE 139 219 139 233
PAINT_LINE 143 219 143 225
PAINT_LINE 152 219 152 219
PAINT_LINE 154 219 154 228
PAINT_LINE 27 220 29 220
PAINT_LINE 47 220 48 220
PAINT_LINE 67 220 78 220
PAINT_LINE 114 220 119 220
PAINT_LINE 121 220 121 222
PAINT_LINE 144 220 144 232
PAINT_LINE 150 220 151 220
PAINT_LINE 26 221 27 221
PAINT_LINE 46 221 47 221
PAINT_LINE 78 221 78 284
PAINT_LINE 98 221 98 221
PAINT_LINE 110 221 124 221
PAINT_LINE 146 221 146 225
PAINT_LINE 26 222 26 222
PAINT_LINE 46 222 46 222
PAINT_LINE 115 222 115 222
PAINT_LINE 119 222 124 222
PAINT_LINE 147 222 147 224
PAINT_LINE 25 223 25 232
PAINT_LINE 79 223 79 281
PAINT_LINE 94 223 94 230
PAINT_LINE 97 223 102 223
PAINT_LINE 104 224 104 228
PAINT_LINE 150 224 154 224
PAINT_LINE 24 225 24 231
PAINT_LINE 29 225 29 225
PAINT_LINE 99 225 105 225
PAINT_LINE 28 226 28 227
PAINT_LINE 100 226 108 226
PAINT_LINE 142 226 142 233
PAINT_LINE 145 226 145 226
PAINT_LINE 148 226 154 226
PAINT_LINE 26 227 26 230
PAINT_LINE 95 227 95 231
PAINT_LINE 102 227 113 227
PAINT_LINE 115 227 116 227
PAINT_LINE 147 227 155 227
PAINT_LINE 157 227 157 231
PAINT_LINE 42 228 42 230
PAINT_LINE 97 228 97 233
PAINT_LINE 149 228 149 228
PAINT_LINE 152 228 157 228
PAINT_LINE 28 229 28 230
PAINT_LINE 80 229 80 278
PAINT_LINE 106 229 120 229
PAINT_LINE 152 229 152 229
PAINT_LINE 22 230 22 237
PAINT_LINE 23 230 23 233
PAINT_LINE 27 230 27 233
PAINT_LINE 107 230 110 230
PAINT_LINE 112 230 121 230
PAINT_LINE 143 230 148 230
PAINT_LINE 41 231 41 233
PAINT_LINE 96 231 100 231
PAINT_LINE 113 231 114 231
PAINT_LINE 116 231 123 231
PAINT_LINE 145 231 145 231
PAINT_LINE 156 231 157 231
PAINT_LINE 26 232 26 233
PAINT_LINE 72 232 81 232
PAINT_LINE 96 232 102 232
PAINT_LINE 117 232 117 232
PAINT_LINE 122 232 123 232
PAINT_LINE 140 232 140 234
PAINT_LINE 19 233 19 235
PAINT_LINE 20 233 20 235
PAINT_LINE 81 233 81 273
PAINT_LINE 98 233 104 233
PAINT_LINE 120 233 121 233
PAINT_LINE 15 234 15 236
PAINT_LINE 21 234 21 235
PAINT_LINE 99 234 106 234
PAINT_LINE 14 235 14 236
PAINT_LINE 25 235 25 238
PAINT_LINE 40 235 40 236
PAINT_LINE 101 235 109 235
PAINT_LINE 111 235 112 235
PAINT_LINE 13 236 13 237
PAINT_LINE 24 236 24 238
PAINT_LINE 102 236 102 242
PAINT_LINE 23 237 23 239
PAINT_LINE 103 237 103 237
PAINT_LINE 105 237 118 237
PAINT_LINE 12 238 12 238
PAINT_LINE 39 238 39 239
PAINT_LINE 107 238 121 238
PAINT_LINE 82 239 82 265
PAINT_LINE 114 239 121 239
PAINT_LINE 104 240 104 240
PAINT_LINE 121 240 121 240
PAINT_LINE 24 241 24 243
PAINT_LINE 101 241 105 241
PAINT_LINE 10 242 10 243
PAINT_LINE 22 242 22 243
PAINT_LINE 106 242 106 242
PAINT_LINE 23 243 23 247
PAINT_LINE 25 243 25 247
PAINT_LINE 105 244 110 244
PAINT_LINE 157 244 157 250
PAINT_LINE 112 245 112 266
PAINT_LINE 9 246 9 252
PAINT_LINE 21 246 21 249
PAINT_LINE 22 246 23 246
PAINT_LINE 107 246 113 246
PAINT_LINE 107 247 113 247
PAINT_LINE 115 247 115 258
PAINT_LINE 22 248 22 249
PAINT_LINE 83 248 83 249
PAINT_LINE 109 248 116 248
PAINT_LINE 118 248 118 252
PAINT_LINE 145 248 145 251
PAINT_LINE 146 248 146 250
PAINT_LINE 20 249 20 255
PAINT_LINE 121 249 121 253
PAINT_LINE 144 249 144 251
PAINT_LINE 38 250 38 287
PAINT_LINE 123 250 123 250
PAINT_LINE 125 250 125 255
PAINT_LINE 148 250 157 250
PAINT_LINE 25 251 25 255
PAINT_LINE 111 251 127 251
PAINT_LINE 129 251 129 256
PAINT_LINE 10 252 10 253
PAINT_LINE 19 252 21 252
PAINT_LINE 83 252 83 261
PAINT_LINE 119 252 143 252
PAINT_LINE 19 253 21 253
PAINT_LINE 58 253 59 253
PAINT_LINE 120 253 140 253
PAINT_LINE 113 254 116 254
PAINT_LINE 124 254 139 254
PAINT_LINE 18 255 18 257
PAINT_LINE 19 255 19 256
PAINT_LINE 31 255 31 256
PAINT_LINE 111 255 111 267
PAINT_LINE 114 255 115 255
PAINT_LINE 126 255 137 255
PAINT_LINE 17 256 17 259
PAINT_LINE 128 256 132 256
PAINT_LINE 11 257 11 258
PAINT_LINE 114 257 114 260
PAINT_LINE 19 258 19 259
PAINT_LINE 24 258 24 259
PAINT_LINE 12 259 12 262
PAINT_LINE 16 259 17 259
PAINT_LINE 18 260 18 261
PAINT_LINE 23 260 23 261
PAINT_LINE 11 261 11 266
PAINT_LINE 13 261 13 262
PAINT_LINE 22 261 22 263
PAINT_LINE 113 261 113 262
PAINT_LINE 14 262 17 262
PAINT_LINE 21 262 21 264
PAINT_LINE 37 262 37 287
PAINT_LINE 14 263 15 263
PAINT_LINE 17 263 17 266
PAINT_LINE 18 263 18 266
PAINT_LINE 14 264 15 264
PAINT_LINE 20 264 20 265
PAINT_LINE 15 265 15 266
PAINT_LINE 19 265 20 265
PAINT_LINE 110 265 110 267
PAINT_LINE 10 266 10 275
PAINT_LINE 16 266 16 267
PAINT_LINE 14 267 14 267
PAINT_LINE 32 267 39 267
PAINT_LINE 9 268 9 273
PAINT_LINE 39 268 39 286
PAINT_LINE 33 272 40 272
PAINT_LINE 11 273 11 274
PAINT_LINE 13 273 13 275
PAINT_LINE 40 273 40 285
PAINT_LINE 7 274 7 275
PAINT_LINE 12 275 12 277
PAINT_LINE 41 277 41 283
PAINT_LINE 11 279 11 280
PAINT_LINE 10 281 10 282
PAINT_LINE 7 282 7 284
PAINT_LINE 9 282 9 283
PAINT_LINE 35 282 41 282
PAINT_LINE 8 283 8 284
PAINT_LINE 103 284 103 295
PAINT_LINE 99 285 99 295
PAINT_LINE 102 285 102 286
PAINT_LINE 77 286 77 286
PAINT_LINE 96 287 96 297
PAINT_LINE 97 287 99 287
PAINT_LINE 104 287 104 292
PAINT_LINE 20 288 20 290
PAINT_LINE 95 288 95 290
PAINT_LINE 98 288 99 288
PAINT_LINE 15 289 22 289
PAINT_LINE 76 289 76 289
PAINT_LINE 14 290 14 292
PAINT_LINE 15 290 15 290
PAINT_LINE 21 290 23 290
PAINT_LINE 75 290 75 291
PAINT_LINE 22 291 23 291
PAINT_LINE 13 292 13 293
PAINT_LINE 23 292 24 292
PAINT_LINE 74 292 74 292
PAINT_LINE 71 293 71 296
PAINT_LINE 72 293 72 295
PAINT_LINE 73 293 73 294
PAINT_LINE 102 293 102 298
PAINT_LINE 12 294 12 295
PAINT_LINE 24 295 24 298
PAINT_LINE 69 296 69 298
PAINT_LINE 70 296 70 298
PAINT_LINE 100 296 102 296
PAINT_LINE 11 297 11 297
PAINT_LINE 25 297 25 298
PAINT_LINE 100 297 102 297
PAINT_LINE 101 298 102 298
PAINT_LINE 66 299 68 299
PAINT_LINE 11 300 11 300
PAINT_LINE 55 300 67 300
PAINT_LINE 25 301 25 301
PAINT_LINE 55 301 66 301
PAINT_LINE 62 302 62 302
PAINT_LINE 11 303 11 307
PAINT_LINE 57 303 58 303
PAINT_LINE 25 304 25 310
PAINT_LINE 98 305 98 308
PAINT_LINE 99 305 99 307
PAINT_LINE 100 305 100 306
PAINT_LINE 12 306 12 310
PAINT_LINE 97 306 97 308
PAINT_LINE 96 307 96 310
PAINT_LINE 104 307 104 308
PAINT_LINE 103 308 104 308
PAINT_LINE 70 309 70 309
PAINT_LINE 13 310 13 312
PAINT_LINE 24 310 24 311
PAINT_LINE 71 310 71 324
PAINT_LINE 14 312 14 314
PAINT_LINE 23 312 23 314
PAINT_LINE 74 312 74 327
PAINT_LINE 98 312 98 312
PAINT_LINE 102 312 102 325
PAINT_LINE 103 312 103 323
PAINT_LINE 112 312 112 317
PAINT_LINE 15 313 15 315
PAINT_LINE 22 313 22 315
PAINT_LINE 75 313 75 328
PAINT_LINE 97 313 97 322
PAINT_LINE 16 314 16 316
PAINT_LINE 76 314 76 332
PAINT_LINE 117 314 117 317
PAINT_LINE 118 314 118 315
PAINT_LINE 20 315 20 317
PAINT_LINE 21 315 21 316
PAINT_LINE 77 316 77 368
PAINT_LINE 110 316 117 316
PAINT_LINE 96 317 96 319
PAINT_LINE 111 317 114 317
PAINT_LINE 116 317 117 317
PAINT_LINE 114 318 115 318
PAINT_LINE 79 319 79 364
PAINT_LINE 100 319 103 319
PAINT_LINE 116 319 116 322
PAINT_LINE 100 320 103 320
PAINT_LINE 117 320 117 332
PAINT_LINE 98 321 99 321
PAINT_LINE 112 321 112 323
PAINT_LINE 69 322 80 322
PAINT_LINE 98 322 98 322
PAINT_LINE 111 322 111 324
PAINT_LINE 118 322 118 330
PAINT_LINE 62 323 62 323
PAINT_LINE 69 323 80 323
PAINT_LINE 110 323 110 328
PAINT_LINE 59 324 61 324
PAINT_LINE 72 324 72 325
PAINT_LINE 58 325 58 328
PAINT_LINE 59 325 60 325
PAINT_LINE 81 325 81 357
PAINT_LINE 59 326 59 326
PAINT_LINE 111 326 111 331
PAINT_LINE 57 327 57 330
PAINT_LINE 112 328 112 332
PAINT_LINE 56 329 56 340
PAINT_LINE 82 329 82 354
PAINT_LINE 96 329 97 329
PAINT_LINE 102 329 102 333
PAINT_LINE 103 329 103 332
PAINT_LINE 104 329 104 329
PAINT_LINE 20 330 20 332
PAINT_LINE 113 330 113 334
PAINT_LINE 116 330 116 334
PAINT_LINE 14 331 21 331
PAINT_LINE 14 332 21 332
PAINT_LINE 13 333 13 335
PAINT_LINE 14 333 14 333
PAINT_LINE 22 333 22 334
PAINT_LINE 97 333 102 333
PAINT_LINE 83 334 83 334
PAINT_LINE 99 334 101 334
PAINT_LINE 114 334 116 334
PAINT_LINE 23 335 23 337
PAINT_LINE 110 335 110 337
PAINT_LINE 111 335 111 335
PAINT_LINE 12 336 12 336
PAINT_LINE 101 337 101 343
PAINT_LINE 109 337 109 338
PAINT_LINE 11 338 11 339
PAINT_LINE 24 338 24 340
PAINT_LINE 55 338 55 367
PAINT_LINE 100 338 100 345
PAINT_LINE 83 339 83 348
PAINT_LINE 102 340 102 342
PAINT_LINE 98 341 102 341
PAINT_LINE 107 341 108 341
PAINT_LINE 99 342 102 342
PAINT_LINE 25 343 25 346
PAINT_LINE 110 343 110 345
PAINT_LINE 115 344 115 354
PAINT_LINE 56 345 56 369
PAINT_LINE 24 346 24 352
PAINT_LINE 11 348 11 350
PAINT_LINE 117 348 117 348
PAINT_LINE 116 349 116 351
PAINT_LINE 12 350 12 353
PAINT_LINE 97 350 98 350
PAINT_LINE 113 350 116 350
PAINT_LINE 50 351 57 351
PAINT_LINE 99 351 99 364
PAINT_LINE 114 351 114 353
PAINT_LINE 108 352 108 354
PAINT_LINE 13 353 13 355
PAINT_LINE 23 353 23 354
PAINT_LINE 57 353 57 370
PAINT_LINE 103 353 103 364
PAINT_LINE 104 353 104 354
PAINT_LINE 22 354 22 356
PAINT_LINE 96 354 96 361
PAINT_LINE 102 354 108 354
PAINT_LINE 126 354 126 366
PAINT_LINE 14 355 14 356
PAINT_LINE 21 355 21 357
PAINT_LINE 59 355 59 371
PAINT_LINE 105 355 107 355
PAINT_LINE 15 356 15 357
PAINT_LINE 19 356 19 358
PAINT_LINE 20 356 20 358
PAINT_LINE 51 356 59 356
PAINT_LINE 132 356 132 367
PAINT_LINE 134 356 134 383
PAINT_LINE 135 356 135 377
PAINT_LINE 16 357 21 357
PAINT_LINE 60 357 60 372
PAINT_LINE 16 358 20 358
PAINT_LINE 61 358 61 373
PAINT_LINE 112 358 112 369
PAINT_LINE 127 358 127 369
PAINT_LINE 18 359 18 359
PAINT_LINE 63 359 63 359
PAINT_LINE 117 359 117 372
PAINT_LINE 118 359 118 370
PAINT_LINE 64 360 64 360
PAINT_LINE 65 361 65 375
PAINT_LINE 80 361 80 362
PAINT_LINE 102 362 102 366
PAINT_LINE 113 362 113 371
PAINT_LINE 138 362 139 362
PAINT_LINE 110 363 110 370
PAINT_LINE 140 363 140 376
PAINT_LINE 143 363 143 375
PAINT_LINE 142 364 142 366
PAINT_LINE 100 365 102 365
PAINT_LINE 100 366 102 366
PAINT_LINE 124 366 127 366
PAINT_LINE 101 367 101 367
PAINT_LINE 124 367 124 367
PAINT_LINE 128 367 128 367
PAINT_LINE 130 367 132 367
PAINT_LINE 144 367 144 372
PAINT_LINE 131 368 131 368
PAINT_LINE 76 369 76 370
PAINT_LINE 114 369 114 369
PAINT_LINE 137 369 137 374
PAINT_LINE 138 369 140 369
PAINT_LINE 58 370 76 370
PAINT_LINE 139 370 139 375
PAINT_LINE 58 371 75 371
PAINT_LINE 129 371 129 371
PAINT_LINE 71 372 73 372
PAINT_LINE 100 372 100 379
PAINT_LINE 102 372 103 372
PAINT_LINE 132 372 132 375
PAINT_LINE 62 373 72 373
PAINT_LINE 103 373 103 374
PAINT_LINE 115 373 115 373
PAINT_LINE 133 373 137 373
PAINT_LINE 62 374 69 374
PAINT_LINE 149 374 150 374
PAINT_LINE 153 374 153 379
PAINT_LINE 136 375 136 376
PAINT_LINE 149 375 150 375
PAINT_LINE 152 375 152 385
PAINT_LINE 101 376 101 376
PAINT_LINE 114 376 114 378
PAINT_LINE 128 376 131 376
PAINT_LINE 148 376 153 376
PAINT_LINE 115 377 115 384
PAINT_LINE 117 377 117 386
PAINT_LINE 118 377 118 378
PAINT_LINE 141 377 141 377
PAINT_LINE 99 378 99 380
PAINT_LINE 132 378 132 382
PAINT_LINE 103 379 103 380
PAINT_LINE 128 379 128 383
PAINT_LINE 102 380 102 382
PAINT_LINE 129 380 134 380
PAINT_LINE 129 381 129 381
PAINT_LINE 131 381 132 381
PAINT_LINE 153 381 153 385
PAINT_LINE 68 382 68 396
PAINT_LINE 151 382 151 383
PAINT_LINE 67 383 68 383
PAINT_LINE 150 383 153 383
PAINT_LINE 114 384 118 384
PAINT_LINE 71 385 71 397
PAINT_LINE 72 385 72 385
PAINT_LINE 116 385 118 385
PAINT_LINE 148 385 148 385
PAINT_LINE 74 386 74 402
PAINT_LINE 118 386 118 386
PAINT_LINE 75 387 75 403
PAINT_LINE 99 388 99 395
PAINT_LINE 101 388 101 396
PAINT_LINE 102 389 102 392
PAINT_LINE 115 389 115 389
PAINT_LINE 116 390 116 396
PAINT_LINE 150 390 150 401
PAINT_LINE 78 391 78 440
PAINT_LINE 131 391 131 398
PAINT_LINE 134 391 134 397
PAINT_LINE 149 391 149 399
PAINT_LINE 152 391 152 400
PAINT_LINE 79 394 79 436
PAINT_LINE 102 394 102 395
PAINT_LINE 100 395 102 395
PAINT_LINE 63 396 63 396
PAINT_LINE 69 396 80 396
PAINT_LINE 70 397 80 397
PAINT_LINE 80 398 80 433
PAINT_LINE 81 398 81 430
PAINT_LINE 133 398 133 398
PAINT_LINE 73 399 73 400
PAINT_LINE 57 402 57 406
PAINT_LINE 58 402 58 403
PAINT_LINE 138 403 138 403
PAINT_LINE 56 404 56 442
PAINT_LINE 82 404 82 424
PAINT_LINE 99 404 99 408
PAINT_LINE 100 405 100 405
PAINT_LINE 113 405 113 409
PAINT_LINE 116 405 117 405
PAINT_LINE 140 405 140 420
PAINT_LINE 5 406 5 673
PAINT_LINE 6 406 6 410
PAINT_LINE 95 406 103 406
PAINT_LINE 127 406 127 406
PAINT_LINE 130 406 131 406
PAINT_LINE 134 406 134 421
PAINT_LINE 142 406 142 410
PAINT_LINE 7 407 7 411
PAINT_LINE 97 407 97 420
PAINT_LINE 98 407 103 407
PAINT_LINE 130 407 132 407
PAINT_LINE 139 407 139 418
PAINT_LINE 8 408 8 409
PAINT_LINE 96 408 102 408
PAINT_LINE 131 408 131 419
PAINT_LINE 132 408 132 416
PAINT_LINE 143 408 143 417
PAINT_LINE 153 408 153 411
PAINT_LINE 154 408 154 409
PAINT_LINE 111 409 117 409
PAINT_LINE 98 410 98 411
PAINT_LINE 102 410 102 422
PAINT_LINE 2 411 5 411
PAINT_LINE 101 411 101 413
PAINT_LINE 112 411 112 424
PAINT_LINE 127 411 127 419
PAINT_LINE 147 411 153 411
PAINT_LINE 3 412 5 412
PAINT_LINE 95 412 95 423
PAINT_LINE 96 412 96 413
PAINT_LINE 113 412 113 426
PAINT_LINE 116 412 117 412
PAINT_LINE 124 412 124 418
PAINT_LINE 126 412 126 416
PAINT_LINE 148 412 152 412
PAINT_LINE 12 413 12 414
PAINT_LINE 133 413 136 413
PAINT_LINE 83 414 83 418
PAINT_LINE 103 414 103 419
PAINT_LINE 142 414 142 420
PAINT_LINE 130 415 130 421
PAINT_LINE 6 416 6 419
PAINT_LINE 117 416 117 418
PAINT_LINE 118 416 118 425
PAINT_LINE 128 416 128 420
PAINT_LINE 2 417 2 420
PAINT_LINE 119 417 119 418
PAINT_LINE 10 418 11 418
PAINT_LINE 98 418 98 423
PAINT_LINE 1 419 1 515
PAINT_LINE 4 419 4 421
PAINT_LINE 0 420 0 434
PAINT_LINE 9 420 13 420
PAINT_LINE 99 420 99 423
PAINT_LINE 129 420 129 421
PAINT_LINE 136 420 136 421
PAINT_LINE 9 421 13 421
PAINT_LINE 101 421 101 423
PAINT_LINE 12 422 12 422
PAINT_LINE 100 422 100 423
PAINT_LINE 117 422 117 427
PAINT_LINE 50 423 50 424
PAINT_LINE 57 424 57 444
PAINT_LINE 110 424 110 427
PAINT_LINE 111 424 111 426
PAINT_LINE 116 424 116 428
PAINT_LINE 114 427 117 427
PAINT_LINE 51 428 51 429
PAINT_LINE 58 429 58 445
PAINT_LINE 107 429 107 431
PAINT_LINE 60 431 60 431
PAINT_LINE 65 435 65 448
PAINT_LINE 105 435 105 447
PAINT_LINE 53 436 79 436
PAINT_LINE 106 436 106 445
PAINT_LINE 0 437 0 438
PAINT_LINE 54 439 78 439
PAINT_LINE 55 440 78 440
PAINT_LINE 107 440 107 440
PAINT_LINE 0 441 0 449
PAINT_LINE 74 441 77 441
PAINT_LINE 74 442 76 442
PAINT_LINE 74 443 75 443
PAINT_LINE 74 444 74 444
PAINT_LINE 59 445 73 445
PAINT_LINE 12 446 12 447
PAINT_LINE 59 446 72 446
PAINT_LINE 102 446 105 446
PAINT_LINE 61 447 70 447
PAINT_LINE 102 447 105 447
PAINT_LINE 62 448 62 448
PAINT_LINE 64 448 68 448
PAINT_LINE 103 448 104 448
PAINT_LINE 134 448 134 494
PAINT_LINE 135 448 135 457
PAINT_LINE 12 452 12 456
PAINT_LINE 0 453 0 455
PAINT_LINE 7 454 7 454
PAINT_LINE 13 454 13 454
PAINT_LINE 4 455 6 455
PAINT_LINE 4 456 5 456
PAINT_LINE 66 456 66 472
PAINT_LINE 136 456 136 462
PAINT_LINE 63 457 63 457
PAINT_LINE 70 457 70 457
PAINT_LINE 0 458 0 486
PAINT_LINE 71 458 71 472
PAINT_LINE 137 458 137 464
PAINT_LINE 73 459 73 476
PAINT_LINE 74 459 74 459
PAINT_LINE 90 459 90 459
PAINT_LINE 76 461 76 483
PAINT_LINE 91 461 91 515
PAINT_LINE 135 461 135 462
PAINT_LINE 92 462 92 515
PAINT_LINE 138 463 138 472
PAINT_LINE 78 465 78 521
PAINT_LINE 94 465 94 511
PAINT_LINE 133 465 133 471
PAINT_LINE 79 467 79 467
PAINT_LINE 95 467 95 510
PAINT_LINE 139 467 139 468
PAINT_LINE 80 470 80 521
PAINT_LINE 139 470 139 486
PAINT_LINE 86 471 86 472
PAINT_LINE 65 472 67 472
PAINT_LINE 69 472 69 472
PAINT_LINE 72 472 81 472
PAINT_LINE 96 472 96 507
PAINT_LINE 64 473 64 473
PAINT_LINE 72 473 81 473
PAINT_LINE 60 474 60 476
PAINT_LINE 61 474 61 474
PAINT_LINE 81 474 81 521
PAINT_LINE 88 474 88 475
PAINT_LINE 97 476 97 504
PAINT_LINE 140 476 140 487
PAINT_LINE 82 477 82 499
PAINT_LINE 56 478 56 521
PAINT_LINE 57 478 57 480
PAINT_LINE 58 478 58 478
PAINT_LINE 75 478 82 478
PAINT_LINE 83 479 83 479
PAINT_LINE 98 479 98 497
PAINT_LINE 135 483 135 526
PAINT_LINE 141 483 142 483
PAINT_LINE 4 484 4 489
PAINT_LINE 11 485 11 488
PAINT_LINE 144 485 144 488
PAINT_LINE 10 486 10 488
PAINT_LINE 137 486 137 486
PAINT_LINE 145 486 145 488
PAINT_LINE 3 487 3 488
PAINT_LINE 9 487 9 489
PAINT_LINE 12 487 12 487
PAINT_LINE 126 487 136 487
PAINT_LINE 143 487 146 487
PAINT_LINE 120 488 136 488
PAINT_LINE 143 488 148 488
PAINT_LINE 0 489 0 508
PAINT_LINE 125 489 125 489
PAINT_LINE 131 489 136 489
PAINT_LINE 146 489 155 489
PAINT_LINE 131 490 131 494
PAINT_LINE 136 490 139 490
PAINT_LINE 147 490 148 490
PAINT_LINE 150 490 157 490
PAINT_LINE 126 491 127 491
PAINT_LINE 130 491 131 491
PAINT_LINE 137 491 140 491
PAINT_LINE 156 491 157 491
PAINT_LINE 132 492 132 493
PAINT_LINE 138 492 141 492
PAINT_LINE 139 493 141 493
PAINT_LINE 117 494 117 499
PAINT_LINE 123 494 131 494
PAINT_LINE 140 494 140 497
PAINT_LINE 141 494 141 528
PAINT_LINE 134 497 134 501
PAINT_LINE 116 498 117 498
PAINT_LINE 131 498 131 500
PAINT_LINE 132 498 132 500
PAINT_LINE 50 499 58 499
PAINT_LINE 118 499 118 500
PAINT_LINE 58 500 58 521
PAINT_LINE 59 501 59 521
PAINT_LINE 119 501 126 501
PAINT_LINE 128 501 130 501
PAINT_LINE 123 502 125 502
PAINT_LINE 123 503 123 503
PAINT_LINE 51 504 60 504
PAINT_LINE 120 504 120 507
PAINT_LINE 121 504 122 504
PAINT_LINE 146 504 147 504
PAINT_LINE 61 505 62 505
PAINT_LINE 121 505 121 505
PAINT_LINE 142 505 142 508
PAINT_LINE 153 505 153 507
PAINT_LINE 155 505 155 505
PAINT_LINE 66 506 66 506
PAINT_LINE 125 506 128 506
PAINT_LINE 130 506 130 507
PAINT_LINE 143 506 143 507
PAINT_LINE 124 507 135 507
PAINT_LINE 157 507 157 509
PAINT_LINE 124 508 125 508
PAINT_LINE 127 508 127 508
PAINT_LINE 134 508 135 508
PAINT_LINE 144 508 145 508
PAINT_LINE 147 508 152 508
PAINT_LINE 93 510 93 513
PAINT_LINE 140 511 140 529
PAINT_LINE 0 513 0 515
PAINT_LINE 2 513 2 514
PAINT_LINE 10 515 10 521
PAINT_LINE 11 515 11 520
PAINT_LINE 90 516 90 516
PAINT_LINE 0 518 0 643
PAINT_LINE 85 518 88 518
PAINT_LINE 1 519 1 522
PAINT_LINE 2 519 5 519
PAINT_LINE 9 519 9 521
PAINT_LINE 85 519 87 519
PAINT_LINE 4 520 4 521
PAINT_LINE 85 520 85 520
PAINT_LINE 52 521 52 521
PAINT_LINE 55 521 83 521
PAINT_LINE 142 526 142 527
PAINT_LINE 136 527 136 528
PAINT_LINE 79 530 79 546
PAINT_LINE 137 530 138 530
PAINT_LINE 82 532 82 544
PAINT_LINE 72 537 82 537
PAINT_LINE 33 538 71 538
PAINT_LINE 144 538 145 538
PAINT_LINE 143 539 149 539
PAINT_LINE 149 540 149 544
PAINT_LINE 150 541 150 545
PAINT_LINE 157 541 157 542
PAINT_LINE 33 542 82 542
PAINT_LINE 142 542 142 544
PAINT_LINE 147 542 147 543
PAINT_LINE 156 542 157 542
PAINT_LINE 1 543 1 544
PAINT_LINE 42 543 82 543
PAINT_LINE 4 544 5 544
PAINT_LINE 34 544 44 544
PAINT_LINE 48 544 82 544
PAINT_LINE 151 544 151 546
PAINT_LINE 38 545 42 545
PAINT_LINE 64 545 67 545
PAINT_LINE 70 545 81 545
PAINT_LINE 152 545 152 549
PAINT_LINE 4 546 4 625
PAINT_LINE 72 546 79 546
PAINT_LINE 142 546 142 546
PAINT_LINE 3 547 3 548
PAINT_LINE 10 547 10 549
PAINT_LINE 11 547 11 548
PAINT_LINE 153 547 153 553
PAINT_LINE 154 547 154 548
PAINT_LINE 143 550 143 551
PAINT_LINE 144 551 144 555
PAINT_LINE 154 551 154 554
PAINT_LINE 1 552 1 554
PAINT_LINE 152 552 152 555
PAINT_LINE 155 552 155 557
PAINT_LINE 67 553 67 589
PAINT_LINE 71 554 71 554
PAINT_LINE 72 555 72 569
PAINT_LINE 145 555 145 560
PAINT_LINE 75 556 75 574
PAINT_LINE 156 556 156 558
PAINT_LINE 1 557 1 559
PAINT_LINE 76 557 76 577
PAINT_LINE 150 557 150 560
PAINT_LINE 151 557 152 557
PAINT_LINE 154 557 157 557
PAINT_LINE 146 558 151 558
PAINT_LINE 157 558 157 559
PAINT_LINE 56 559 56 607
PAINT_LINE 77 559 77 611
PAINT_LINE 144 559 150 559
PAINT_LINE 55 560 55 606
PAINT_LINE 78 560 78 609
PAINT_LINE 144 560 146 560
PAINT_LINE 141 561 142 561
PAINT_LINE 140 562 141 562
PAINT_LINE 147 562 147 564
PAINT_LINE 152 562 153 562
PAINT_LINE 62 566 63 566
PAINT_LINE 80 566 80 605
PAINT_LINE 147 566 153 566
PAINT_LINE 60 567 62 567
PAINT_LINE 137 567 137 569
PAINT_LINE 147 567 153 567
PAINT_LINE 59 568 59 571
PAINT_LINE 60 568 61 568
PAINT_LINE 153 568 154 568
PAINT_LINE 60 569 60 569
PAINT_LINE 138 569 138 571
PAINT_LINE 146 569 146 576
PAINT_LINE 148 569 148 570
PAINT_LINE 70 571 70 573
PAINT_LINE 139 571 139 572
PAINT_LINE 157 571 157 576
PAINT_LINE 73 572 81 572
PAINT_LINE 140 572 140 573
PAINT_LINE 150 572 154 572
PAINT_LINE 74 573 81 573
PAINT_LINE 141 573 143 573
PAINT_LINE 145 573 145 581
PAINT_LINE 81 574 81 601
PAINT_LINE 142 574 146 574
PAINT_LINE 156 574 157 574
PAINT_LINE 82 575 82 595
PAINT_LINE 143 575 149 575
PAINT_LINE 148 576 157 576
PAINT_LINE 152 577 156 577
PAINT_LINE 3 578 3 579
PAINT_LINE 69 578 69 578
PAINT_LINE 68 579 68 583
PAINT_LINE 144 579 144 592
PAINT_LINE 153 579 155 579
PAINT_LINE 11 580 11 580
PAINT_LINE 153 580 154 580
PAINT_LINE 10 581 10 581
PAINT_LINE 83 583 83 585
PAINT_LINE 156 583 156 588
PAINT_LINE 157 583 157 592
PAINT_LINE 153 584 153 584
PAINT_LINE 152 585 152 588
PAINT_LINE 65 587 67 587
PAINT_LINE 151 587 151 590
PAINT_LINE 66 588 66 592
PAINT_LINE 145 589 145 593
PAINT_LINE 64 590 64 600
PAINT_LINE 149 590 149 593
PAINT_LINE 150 590 150 592
PAINT_LINE 65 591 66 591
PAINT_LINE 83 591 83 591
PAINT_LINE 148 591 148 593
PAINT_LINE 57 596 58 596
PAINT_LINE 51 597 64 597
PAINT_LINE 82 597 82 597
PAINT_LINE 139 598 139 602
PAINT_LINE 140 599 140 603
PAINT_LINE 131 600 143 600
PAINT_LINE 35 601 35 609
PAINT_LINE 39 601 39 615
PAINT_LINE 129 601 144 601
PAINT_LINE 131 602 131 602
PAINT_LINE 134 602 146 602
PAINT_LINE 141 603 147 603
PAINT_LINE 126 604 126 607
PAINT_LINE 142 604 148 604
PAINT_LINE 143 605 149 605
PAINT_LINE 38 606 39 606
PAINT_LINE 63 606 63 606
PAINT_LINE 125 606 125 608
PAINT_LINE 127 606 127 606
PAINT_LINE 150 606 150 611
PAINT_LINE 41 607 41 609
PAINT_LINE 74 607 79 607
PAINT_LINE 124 607 124 609
PAINT_LINE 132 607 132 609
PAINT_LINE 137 607 137 610
PAINT_LINE 145 607 150 607
PAINT_LINE 32 608 42 608
PAINT_LINE 130 608 134 608
PAINT_LINE 136 608 140 608
PAINT_LINE 151 608 151 612
PAINT_LINE 10 609 10 611
PAINT_LINE 32 609 41 609
PAINT_LINE 58 609 62 609
PAINT_LINE 123 609 123 611
PAINT_LINE 129 609 141 609
PAINT_LINE 148 609 152 609
PAINT_LINE 3 610 10 610
PAINT_LINE 33 610 33 612
PAINT_LINE 34 610 34 610
PAINT_LINE 40 610 40 625
PAINT_LINE 58 610 62 610
PAINT_LINE 76 610 76 611
PAINT_LINE 122 610 122 612
PAINT_LINE 128 610 131 610
PAINT_LINE 133 610 137 610
PAINT_LINE 139 610 141 610
PAINT_LINE 145 610 145 612
PAINT_LINE 146 610 146 613
PAINT_LINE 153 610 153 617
PAINT_LINE 8 611 10 611
PAINT_LINE 29 611 29 613
PAINT_LINE 30 611 30 619
PAINT_LINE 32 611 32 615
PAINT_LINE 62 611 62 611
PAINT_LINE 121 611 121 614
PAINT_LINE 128 611 130 611
PAINT_LINE 141 611 141 611
PAINT_LINE 144 611 144 613
PAINT_LINE 147 611 147 613
PAINT_LINE 8 612 9 612
PAINT_LINE 35 612 35 615
PAINT_LINE 60 612 61 612
PAINT_LINE 120 612 120 615
PAINT_LINE 127 612 129 612
PAINT_LINE 134 612 134 615
PAINT_LINE 135 612 135 613
PAINT_LINE 143 612 143 614
PAINT_LINE 148 612 148 616
PAINT_LINE 152 612 152 614
PAINT_LINE 9 613 9 614
PAINT_LINE 36 613 36 614
PAINT_LINE 119 613 119 617
PAINT_LINE 128 613 128 613
PAINT_LINE 133 613 133 617
PAINT_LINE 142 613 142 623
PAINT_LINE 154 613 154 619
PAINT_LINE 31 615 31 616
PAINT_LINE 41 615 41 617
PAINT_LINE 42 615 42 616
PAINT_LINE 118 615 118 619
PAINT_LINE 128 615 128 617
PAINT_LINE 149 615 149 625
PAINT_LINE 127 616 127 617
PAINT_LINE 132 616 132 619
PAINT_LINE 155 616 155 619
PAINT_LINE 27 617 27 630
PAINT_LINE 122 617 122 622
PAINT_LINE 26 618 30 618
PAINT_LINE 117 618 117 622
PAINT_LINE 123 618 123 618
PAINT_LINE 156 618 156 630
PAINT_LINE 39 619 39 625
PAINT_LINE 157 619 157 624
PAINT_LINE 116 620 116 624
PAINT_LINE 28 621 28 623
PAINT_LINE 29 621 29 622
PAINT_LINE 131 621 131 622
PAINT_LINE 115 622 115 626
PAINT_LINE 154 622 154 627
PAINT_LINE 41 623 41 625
PAINT_LINE 148 623 148 628
PAINT_LINE 23 624 27 624
PAINT_LINE 132 624 132 636
PAINT_LINE 28 625 28 626
PAINT_LINE 114 625 114 630
PAINT_LINE 119 625 119 635
PAINT_LINE 129 625 129 627
PAINT_LINE 147 625 147 631
PAINT_LINE 37 626 37 639
PAINT_LINE 38 626 38 632
PAINT_LINE 123 626 123 628
PAINT_LINE 136 626 136 627
PAINT_LINE 155 626 155 627
PAINT_LINE 24 627 24 630
PAINT_LINE 25 627 25 628
PAINT_LINE 122 627 124 627
PAINT_LINE 128 627 128 628
PAINT_LINE 137 627 137 633
PAINT_LINE 153 627 157 627
PAINT_LINE 20 628 20 630
PAINT_LINE 113 628 113 635
PAINT_LINE 124 628 125 628
PAINT_LINE 138 628 138 635
PAINT_LINE 143 628 143 632
PAINT_LINE 146 628 146 634
PAINT_LINE 157 628 157 631
PAINT_LINE 26 629 26 630
PAINT_LINE 124 629 126 629
PAINT_LINE 133 629 133 662
PAINT_LINE 154 629 154 631
PAINT_LINE 39 630 39 631
PAINT_LINE 125 630 126 630
PAINT_LINE 152 630 154 630
PAINT_LINE 40 631 40 631
PAINT_LINE 126 631 126 631
PAINT_LINE 150 631 150 634
PAINT_LINE 21 632 21 637
PAINT_LINE 22 632 22 632
PAINT_LINE 36 632 36 641
PAINT_LINE 120 632 120 636
PAINT_LINE 127 632 127 633
PAINT_LINE 142 632 146 632
PAINT_LINE 151 632 151 634
PAINT_LINE 153 632 153 636
PAINT_LINE 155 632 155 632
PAINT_LINE 18 633 18 635
PAINT_LINE 19 633 19 640
PAINT_LINE 26 633 26 634
PAINT_LINE 128 633 128 634
PAINT_LINE 142 633 142 634
PAINT_LINE 149 633 149 639
PAINT_LINE 112 634 112 642
PAINT_LINE 115 634 115 642
PAINT_LINE 116 634 121 634
PAINT_LINE 129 634 129 634
PAINT_LINE 25 635 25 635
PAINT_LINE 116 635 116 635
PAINT_LINE 121 635 121 639
PAINT_LINE 143 635 143 636
PAINT_LINE 154 635 154 640
PAINT_LINE 4 636 5 636
PAINT_LINE 22 636 22 639
PAINT_LINE 38 636 38 639
PAINT_LINE 122 636 122 640
PAINT_LINE 148 636 148 641
PAINT_LINE 157 636 157 649
PAINT_LINE 9 637 9 641
PAINT_LINE 20 637 23 637
PAINT_LINE 39 637 39 640
PAINT_LINE 111 637 111 638
PAINT_LINE 124 637 125 637
PAINT_LINE 146 637 146 641
PAINT_LINE 10 638 10 645
PAINT_LINE 18 638 18 645
PAINT_LINE 23 638 23 639
PAINT_LINE 40 638 40 640
PAINT_LINE 125 638 125 641
PAINT_LINE 156 638 156 649
PAINT_LINE 35 639 35 647
PAINT_LINE 147 639 147 640
PAINT_LINE 4 640 4 646
PAINT_LINE 30 640 30 640
PAINT_LINE 97 640 97 643
PAINT_LINE 111 640 111 674
PAINT_LINE 114 640 114 664
PAINT_LINE 126 640 126 642
PAINT_LINE 137 640 137 644
PAINT_LINE 142 640 142 643
PAINT_LINE 98 641 98 645
PAINT_LINE 123 641 127 641
PAINT_LINE 151 641 151 647
PAINT_LINE 6 642 6 643
PAINT_LINE 11 642 11 644
PAINT_LINE 27 642 27 644
PAINT_LINE 28 642 28 643
PAINT_LINE 91 642 91 645
PAINT_LINE 92 642 92 644
PAINT_LINE 123 642 123 642
PAINT_LINE 127 642 127 647
PAINT_LINE 153 642 153 646
PAINT_LINE 9 643 9 646
PAINT_LINE 12 643 12 644
PAINT_LINE 90 643 99 643
PAINT_LINE 141 643 141 646
PAINT_LINE 145 643 145 647
PAINT_LINE 8 644 8 645
PAINT_LINE 17 644 17 657
PAINT_LINE 26 644 27 644
PAINT_LINE 88 644 88 647
PAINT_LINE 89 644 89 646
PAINT_LINE 90 644 90 645
PAINT_LINE 96 644 96 644
PAINT_LINE 99 644 99 647
PAINT_LINE 100 644 100 650
PAINT_LINE 110 644 110 668
PAINT_LINE 138 644 138 647
PAINT_LINE 150 644 150 648
PAINT_LINE 37 645 37 648
PAINT_LINE 87 645 87 648
PAINT_LINE 130 645 131 645
PAINT_LINE 142 645 142 654
PAINT_LINE 43 646 43 648
PAINT_LINE 86 646 86 648
PAINT_LINE 101 646 101 656
PAINT_LINE 149 646 149 650
PAINT_LINE 34 647 34 652
PAINT_LINE 36 647 44 647
PAINT_LINE 84 647 84 650
PAINT_LINE 85 647 85 649
PAINT_LINE 148 647 148 648
PAINT_LINE 44 648 44 653
PAINT_LINE 83 648 83 650
PAINT_LINE 119 648 119 649
PAINT_LINE 128 648 133 648
PAINT_LINE 144 648 144 651
PAINT_LINE 147 648 147 649
PAINT_LINE 152 648 152 648
PAINT_LINE 155 648 155 651
PAINT_LINE 33 649 33 652
PAINT_LINE 41 649 41 653
PAINT_LINE 82 649 82 651
PAINT_LINE 102 649 102 664
PAINT_LINE 120 649 120 651
PAINT_LINE 129 649 129 649
PAINT_LINE 132 649 132 651
PAINT_LINE 138 649 138 651
PAINT_LINE 145 649 145 665
PAINT_LINE 22 650 22 655
PAINT_LINE 80 650 80 653
PAINT_LINE 81 650 81 652
PAINT_LINE 146 650 146 658
PAINT_LINE 154 650 154 652
PAINT_LINE 4 651 5 651
PAINT_LINE 21 651 21 655
PAINT_LINE 32 651 32 658
PAINT_LINE 35 651 35 653
PAINT_LINE 79 651 79 654
PAINT_LINE 153 651 153 653
PAINT_LINE 18 652 18 659
PAINT_LINE 78 652 78 655
PAINT_LINE 117 652 117 655
PAINT_LINE 152 652 152 654
PAINT_LINE 31 653 31 657
PAINT_LINE 39 653 44 653
PAINT_LINE 77 653 80 653
PAINT_LINE 126 653 126 657
PAINT_LINE 134 653 134 657
PAINT_LINE 148 653 149 653
PAINT_LINE 151 653 153 653
PAINT_LINE 157 653 157 653
PAINT_LINE 4 654 5 654
PAINT_LINE 42 654 43 654
PAINT_LINE 127 654 127 657
PAINT_LINE 138 654 138 656
PAINT_LINE 141 654 141 660
PAINT_LINE 148 654 150 654
PAINT_LINE 19 655 19 662
PAINT_LINE 42 655 43 655
PAINT_LINE 116 655 117 655
PAINT_LINE 120 655 120 657
PAINT_LINE 121 655 121 663
PAINT_LINE 149 655 150 655
PAINT_LINE 137 656 137 667
PAINT_LINE 4 657 4 658
PAINT_LINE 29 657 29 662
PAINT_LINE 33 657 33 660
PAINT_LINE 73 657 73 659
PAINT_LINE 103 657 103 691
PAINT_LINE 128 657 131 657
PAINT_LINE 20 658 20 662
PAINT_LINE 28 658 28 660
PAINT_LINE 30 658 30 658
PAINT_LINE 71 658 75 658
PAINT_LINE 128 658 133 658
PAINT_LINE 147 658 155 658
PAINT_LINE 27 659 27 663
PAINT_LINE 70 659 74 659
PAINT_LINE 89 659 89 660
PAINT_LINE 115 659 115 662
PAINT_LINE 130 659 133 659
PAINT_LINE 148 659 154 659
PAINT_LINE 23 660 23 660
PAINT_LINE 26 660 29 660
PAINT_LINE 34 660 34 660
PAINT_LINE 69 660 72 660
PAINT_LINE 120 660 120 664
PAINT_LINE 126 660 126 660
PAINT_LINE 132 660 132 672
PAINT_LINE 18 661 18 663
PAINT_LINE 30 661 30 666
PAINT_LINE 68 661 71 661
PAINT_LINE 79 661 79 665
PAINT_LINE 156 661 156 663
PAINT_LINE 157 661 157 663
PAINT_LINE 67 662 69 662
PAINT_LINE 78 662 78 666
PAINT_LINE 144 662 144 667
PAINT_LINE 155 662 155 663
PAINT_LINE 17 663 18 663
PAINT_LINE 66 663 68 663
PAINT_LINE 77 663 79 663
PAINT_LINE 118 663 118 665
PAINT_LINE 153 663 153 665
PAINT_LINE 154 663 154 664
PAINT_LINE 4 664 4 670
PAINT_LINE 24 664 25 664
PAINT_LINE 63 664 67 664
PAINT_LINE 115 664 115 670
PAINT_LINE 143 664 143 670
PAINT_LINE 21 665 22 665
PAINT_LINE 25 665 25 666
PAINT_LINE 62 665 65 665
PAINT_LINE 117 665 117 676
PAINT_LINE 124 665 124 667
PAINT_LINE 129 665 129 667
PAINT_LINE 131 665 131 671
PAINT_LINE 152 665 152 666
PAINT_LINE 7 666 7 669
PAINT_LINE 8 666 8 668
PAINT_LINE 21 666 21 666
PAINT_LINE 39 666 39 779
PAINT_LINE 61 666 64 666
PAINT_LINE 130 666 130 667
PAINT_LINE 142 666 142 674
PAINT_LINE 151 666 151 668
PAINT_LINE 6 667 6 672
PAINT_LINE 24 667 24 667
PAINT_LINE 38 667 39 667
PAINT_LINE 60 667 62 667
PAINT_LINE 102 667 102 680
PAINT_LINE 112 667 112 677
PAINT_LINE 123 667 123 671
PAINT_LINE 150 667 150 670
PAINT_LINE 40 668 40 776
PAINT_LINE 59 668 61 668
PAINT_LINE 57 669 60 669
PAINT_LINE 116 669 116 673
PAINT_LINE 137 669 137 671
PAINT_LINE 141 669 141 675
PAINT_LINE 149 669 149 674
PAINT_LINE 56 670 58 670
PAINT_LINE 89 670 89 672
PAINT_LINE 122 670 122 685
PAINT_LINE 129 670 129 677
PAINT_LINE 55 671 57 671
PAINT_LINE 133 671 133 680
PAINT_LINE 148 671 148 675
PAINT_LINE 57 672 57 672
PAINT_LINE 119 672 119 681
PAINT_LINE 130 672 130 677
PAINT_LINE 64 673 64 676
PAINT_LINE 70 673 70 675
PAINT_LINE 75 673 75 676
PAINT_LINE 96 673 96 677
PAINT_LINE 121 673 121 676
PAINT_LINE 59 674 59 681
PAINT_LINE 60 674 60 682
PAINT_LINE 63 674 63 676
PAINT_LINE 65 674 65 675
PAINT_LINE 68 674 68 676
PAINT_LINE 69 674 69 676
PAINT_LINE 74 674 74 676
PAINT_LINE 89 674 89 675
PAINT_LINE 95 674 95 679
PAINT_LINE 113 674 113 681
PAINT_LINE 120 674 120 675
PAINT_LINE 134 674 134 684
PAINT_LINE 52 675 56 675
PAINT_LINE 76 675 76 675
PAINT_LINE 79 675 81 675
PAINT_LINE 85 675 86 675
PAINT_LINE 90 675 90 675
PAINT_LINE 94 675 94 676
PAINT_LINE 136 675 136 678
PAINT_LINE 140 675 141 675
PAINT_LINE 147 675 147 676
PAINT_LINE 79 676 80 676
PAINT_LINE 85 676 85 676
PAINT_LINE 143 676 143 678
PAINT_LINE 35 677 35 684
PAINT_LINE 36 677 36 679
PAINT_LINE 37 677 37 678
PAINT_LINE 54 677 60 677
PAINT_LINE 114 677 114 684
PAINT_LINE 118 677 119 677
PAINT_LINE 137 677 137 678
PAINT_LINE 144 677 144 677
PAINT_LINE 55 678 60 678
PAINT_LINE 128 678 128 679
PAINT_LINE 131 678 131 681
PAINT_LINE 135 678 137 678
PAINT_LINE 142 678 142 681
PAINT_LINE 34 679 34 688
PAINT_LINE 57 679 61 679
PAINT_LINE 121 679 121 683
PAINT_LINE 127 679 127 680
PAINT_LINE 58 680 63 680
PAINT_LINE 126 680 126 681
PAINT_LINE 130 680 130 684
PAINT_LINE 141 680 141 683
PAINT_LINE 115 681 115 686
PAINT_LINE 125 681 125 683
PAINT_LINE 61 682 65 682
PAINT_LINE 102 682 102 683
PAINT_LINE 123 682 123 687
PAINT_LINE 116 683 116 690
PAINT_LINE 124 683 124 690
PAINT_LINE 129 683 130 683
PAINT_LINE 140 683 140 709
PAINT_LINE 63 684 68 684
PAINT_LINE 95 684 95 687
PAINT_LINE 133 684 133 690
PAINT_LINE 33 685 33 692
PAINT_LINE 64 685 69 685
PAINT_LINE 89 685 89 687
PAINT_LINE 102 685 102 695
PAINT_LINE 65 686 71 686
PAINT_LINE 118 686 118 694
PAINT_LINE 125 686 125 691
PAINT_LINE 132 686 132 692
PAINT_LINE 32 687 32 695
PAINT_LINE 67 687 72 687
PAINT_LINE 119 687 119 695
PAINT_LINE 69 689 74 689
PAINT_LINE 120 689 120 697
PAINT_LINE 139 689 140 689
PAINT_LINE 70 690 75 690
PAINT_LINE 98 690 98 692
PAINT_LINE 31 691 31 700
PAINT_LINE 97 691 97 693
PAINT_LINE 72 692 78 692
PAINT_LINE 101 692 101 700
PAINT_LINE 121 692 121 697
PAINT_LINE 139 692 140 692
PAINT_LINE 122 693 122 698
PAINT_LINE 127 693 129 693
PAINT_LINE 6 694 6 733
PAINT_LINE 75 694 80 694
PAINT_LINE 95 694 95 697
PAINT_LINE 123 694 123 694
PAINT_LINE 136 694 136 694
PAINT_LINE 5 695 6 695
PAINT_LINE 30 695 30 704
PAINT_LINE 78 696 83 696
PAINT_LINE 79 697 84 697
PAINT_LINE 102 697 102 697
PAINT_LINE 125 697 125 702
PAINT_LINE 129 697 140 697
PAINT_LINE 81 698 86 698
PAINT_LINE 100 698 100 702
PAINT_LINE 126 698 126 703
PAINT_LINE 129 698 135 698
PAINT_LINE 137 698 141 698
PAINT_LINE 2 699 2 705
PAINT_LINE 3 699 3 702
PAINT_LINE 4 699 4 699
PAINT_LINE 7 699 7 743
PAINT_LINE 29 699 29 708
PAINT_LINE 82 699 87 699
PAINT_LINE 92 699 92 707
PAINT_LINE 127 699 127 704
PAINT_LINE 134 699 134 699
PAINT_LINE 138 699 141 699
PAINT_LINE 1 701 1 709
PAINT_LINE 85 701 92 701
PAINT_LINE 99 701 99 704
PAINT_LINE 124 701 129 701
PAINT_LINE 141 701 141 710
PAINT_LINE 86 702 93 702
PAINT_LINE 95 702 95 709
PAINT_LINE 98 702 98 707
PAINT_LINE 87 703 93 703
PAINT_LINE 132 703 133 703
PAINT_LINE 0 704 0 714
PAINT_LINE 89 704 99 704
PAINT_LINE 68 705 68 711
PAINT_LINE 90 705 98 705
PAINT_LINE 67 706 67 713
PAINT_LINE 97 706 97 708
PAINT_LINE 128 706 143 706
PAINT_LINE 93 707 93 708
PAINT_LINE 129 707 143 707
PAINT_LINE 27 708 27 713
PAINT_LINE 28 708 28 711
PAINT_LINE 131 708 144 708
PAINT_LINE 70 709 70 714
PAINT_LINE 135 709 145 709
PAINT_LINE 157 709 157 713
PAINT_LINE 26 710 26 718
PAINT_LINE 142 710 145 710
PAINT_LINE 156 710 156 712
PAINT_LINE 146 711 146 718
PAINT_LINE 155 711 155 714
PAINT_LINE 19 712 20 712
PAINT_LINE 69 712 73 712
PAINT_LINE 143 712 146 712
PAINT_LINE 154 712 154 720
PAINT_LINE 19 713 19 713
PAINT_LINE 66 713 66 721
PAINT_LINE 73 713 74 713
PAINT_LINE 147 713 147 720
PAINT_LINE 71 714 75 714
PAINT_LINE 25 715 25 722
PAINT_LINE 69 715 69 726
PAINT_LINE 72 715 76 715
PAINT_LINE 145 715 148 715
PAINT_LINE 19 716 20 716
PAINT_LINE 65 716 65 724
PAINT_LINE 76 716 78 716
PAINT_LINE 19 717 20 717
PAINT_LINE 73 717 77 717
PAINT_LINE 149 717 149 721
PAINT_LINE 24 718 24 727
PAINT_LINE 77 718 77 727
PAINT_LINE 150 718 150 723
PAINT_LINE 151 718 151 723
PAINT_LINE 153 718 153 722
PAINT_LINE 78 719 78 724
PAINT_LINE 68 720 68 727
PAINT_LINE 73 720 73 729
PAINT_LINE 74 720 74 721
PAINT_LINE 76 720 76 721
PAINT_LINE 81 720 81 730
PAINT_LINE 82 720 82 741
PAINT_LINE 67 721 67 722
PAINT_LINE 64 722 64 730
PAINT_LINE 152 722 152 723
PAINT_LINE 23 723 23 730
PAINT_LINE 65 726 65 726
PAINT_LINE 76 726 76 740
PAINT_LINE 79 726 83 726
PAINT_LINE 22 727 22 733
PAINT_LINE 44 727 44 732
PAINT_LINE 80 727 84 727
PAINT_LINE 88 727 88 759
PAINT_LINE 71 728 74 728
PAINT_LINE 84 728 84 732
PAINT_LINE 63 729 63 736
PAINT_LINE 68 729 68 731
PAINT_LINE 72 729 72 734
PAINT_LINE 74 729 76 729
PAINT_LINE 85 729 85 733
PAINT_LINE 21 730 21 738
PAINT_LINE 74 730 77 730
PAINT_LINE 41 731 44 731
PAINT_LINE 75 731 77 731
PAINT_LINE 42 732 44 732
PAINT_LINE 67 732 67 741
PAINT_LINE 83 732 83 733
PAINT_LINE 43 733 43 733
PAINT_LINE 64 733 65 733
PAINT_LINE 86 733 88 733
PAINT_LINE 94 733 94 745
PAINT_LINE 20 734 20 743
PAINT_LINE 62 734 62 745
PAINT_LINE 64 734 67 734
PAINT_LINE 86 734 89 734
PAINT_LINE 65 735 67 735
PAINT_LINE 71 735 71 745
PAINT_LINE 77 735 83 735
PAINT_LINE 90 735 90 740
PAINT_LINE 66 736 66 737
PAINT_LINE 83 736 83 745
PAINT_LINE 91 736 91 741
PAINT_LINE 68 737 68 737
PAINT_LINE 77 737 77 788
PAINT_LINE 80 737 83 737
PAINT_LINE 87 737 87 746
PAINT_LINE 89 737 89 738
PAINT_LINE 93 737 93 768
PAINT_LINE 99 737 99 738
PAINT_LINE 6 738 6 744
PAINT_LINE 19 738 19 746
PAINT_LINE 70 738 70 751
PAINT_LINE 81 738 83 738
PAINT_LINE 98 738 98 747
PAINT_LINE 0 739 0 744
PAINT_LINE 63 741 63 741
PAINT_LINE 69 741 69 742
PAINT_LINE 85 741 85 786
PAINT_LINE 18 742 18 749
PAINT_LINE 95 742 95 742
PAINT_LINE 97 742 97 762
PAINT_LINE 1 743 7 743
PAINT_LINE 73 743 73 745
PAINT_LINE 74 743 74 745
PAINT_LINE 1 744 1 744
PAINT_LINE 3 744 6 744
PAINT_LINE 67 744 67 744
PAINT_LINE 99 744 99 744
PAINT_LINE 102 744 103 744
PAINT_LINE 4 745 4 748
PAINT_LINE 5 745 5 746
PAINT_LINE 61 745 61 752
PAINT_LINE 64 745 67 745
PAINT_LINE 84 745 84 753
PAINT_LINE 86 745 88 745
PAINT_LINE 3 746 3 750
PAINT_LINE 17 746 17 753
PAINT_LINE 78 746 78 746
PAINT_LINE 89 746 89 746
PAINT_LINE 92 746 92 775
PAINT_LINE 96 746 103 746
PAINT_LINE 76 747 76 748
PAINT_LINE 2 748 2 752
PAINT_LINE 62 748 62 748
PAINT_LINE 65 748 65 755
PAINT_LINE 66 748 66 748
PAINT_LINE 71 748 71 748
PAINT_LINE 80 748 80 750
PAINT_LINE 81 748 81 750
PAINT_LINE 100 748 104 748
PAINT_LINE 16 749 16 755
PAINT_LINE 60 749 60 760
PAINT_LINE 64 749 64 763
PAINT_LINE 94 749 94 754
PAINT_LINE 104 749 104 750
PAINT_LINE 72 750 72 752
PAINT_LINE 1 751 1 755
PAINT_LINE 73 751 73 753
PAINT_LINE 86 751 86 755
PAINT_LINE 101 751 101 759
PAINT_LINE 102 751 102 751
PAINT_LINE 69 752 69 761
PAINT_LINE 83 752 88 752
PAINT_LINE 157 752 157 799
PAINT_LINE 0 753 0 758
PAINT_LINE 89 753 89 771
PAINT_LINE 154 753 154 753
PAINT_LINE 156 753 156 757
PAINT_LINE 15 754 15 761
PAINT_LINE 66 754 69 754
PAINT_LINE 78 754 78 767
PAINT_LINE 95 754 95 755
PAINT_LINE 100 754 100 762
PAINT_LINE 75 755 79 755
PAINT_LINE 87 755 87 756
PAINT_LINE 14 756 14 767
PAINT_LINE 61 756 61 760
PAINT_LINE 67 756 69 756
PAINT_LINE 82 756 82 756
PAINT_LINE 84 756 84 787
PAINT_LINE 103 756 103 760
PAINT_LINE 59 757 61 757
PAINT_LINE 152 757 153 757
PAINT_LINE 63 758 63 765
PAINT_LINE 102 758 102 760
PAINT_LINE 151 758 153 758
PAINT_LINE 71 759 71 761
PAINT_LINE 99 759 99 772
PAINT_LINE 145 759 145 761
PAINT_LINE 150 759 150 759
PAINT_LINE 68 760 72 760
PAINT_LINE 96 760 96 770
PAINT_LINE 143 760 148 760
PAINT_LINE 13 761 13 769
PAINT_LINE 59 761 59 771
PAINT_LINE 62 761 66 761
PAINT_LINE 68 761 68 768
PAINT_LINE 72 761 72 762
PAINT_LINE 142 761 142 799
PAINT_LINE 143 761 146 761
PAINT_LINE 81 762 81 762
PAINT_LINE 83 762 89 762
PAINT_LINE 144 762 144 762
PAINT_LINE 35 763 36 763
PAINT_LINE 65 764 69 764
PAINT_LINE 97 764 97 769
PAINT_LINE 139 764 139 766
PAINT_LINE 15 765 15 770
PAINT_LINE 79 765 79 767
PAINT_LINE 138 765 138 767
PAINT_LINE 62 766 62 775
PAINT_LINE 70 766 70 769
PAINT_LINE 80 766 80 768
PAINT_LINE 137 766 137 768
PAINT_LINE 140 766 140 766
PAINT_LINE 71 767 71 770
PAINT_LINE 136 767 136 769
PAINT_LINE 12 768 12 772
PAINT_LINE 16 768 16 780
PAINT_LINE 33 768 33 770
PAINT_LINE 63 768 63 772
PAINT_LINE 67 768 67 779
PAINT_LINE 69 768 72 768
PAINT_LINE 135 768 135 770
PAINT_LINE 11 769 11 780
PAINT_LINE 58 769 58 781
PAINT_LINE 61 769 61 770
PAINT_LINE 94 769 100 769
PAINT_LINE 134 769 134 772
PAINT_LINE 82 770 92 770
PAINT_LINE 95 770 95 787
PAINT_LINE 133 770 133 774
PAINT_LINE 93 771 93 776
PAINT_LINE 98 771 98 788
PAINT_LINE 100 771 100 771
PAINT_LINE 132 771 132 776
PAINT_LINE 143 771 143 775
PAINT_LINE 10 773 10 780
PAINT_LINE 33 773 33 780
PAINT_LINE 64 773 64 774
PAINT_LINE 90 773 96 773
PAINT_LINE 131 773 131 777
PAINT_LINE 65 774 67 774
PAINT_LINE 96 774 96 778
PAINT_LINE 65 775 67 775
PAINT_LINE 78 775 78 788
PAINT_LINE 130 775 130 778
PAINT_LINE 29 776 29 780
PAINT_LINE 34 776 34 780
PAINT_LINE 36 776 37 776
PAINT_LINE 61 776 61 785
PAINT_LINE 79 776 79 788
PAINT_LINE 90 776 90 785
PAINT_LINE 91 776 91 778
PAINT_LINE 97 776 98 776
PAINT_LINE 69 777 69 782
PAINT_LINE 72 777 72 783
PAINT_LINE 73 777 73 777
PAINT_LINE 75 777 88 777
PAINT_LINE 129 777 129 786
PAINT_LINE 60 778 60 782
PAINT_LINE 89 778 89 788
PAINT_LINE 94 778 94 787
PAINT_LINE 128 778 128 799
PAINT_LINE 12 779 39 779
PAINT_LINE 44 779 44 787
PAINT_LINE 68 779 72 779
PAINT_LINE 100 779 100 780
PAINT_LINE 9 780 38 780
PAINT_LINE 65 780 65 787
PAINT_LINE 66 780 66 786
PAINT_LINE 86 780 86 786
PAINT_LINE 87 780 87 781
PAINT_LINE 99 780 100 780
PAINT_LINE 21 781 28 781
PAINT_LINE 35 781 35 781
PAINT_LINE 41 781 41 784
PAINT_LINE 57 781 57 787
PAINT_LINE 62 781 62 781
PAINT_LINE 91 781 91 785
PAINT_LINE 45 782 45 784
PAINT_LINE 70 782 70 786
PAINT_LINE 71 782 71 784
PAINT_LINE 97 782 97 788
PAINT_LINE 73 784 80 784
PAINT_LINE 126 784 126 784
PAINT_LINE 143 784 143 799
PAINT_LINE 156 784 156 799
PAINT_LINE 4 785 6 785
PAINT_LINE 58 785 58 787
PAINT_LINE 60 785 60 790
PAINT_LINE 64 785 64 793
PAINT_LINE 87 785 87 786
PAINT_LINE 125 785 125 786
PAINT_LINE 6 786 6 786
PAINT_LINE 59 786 59 788
PAINT_LINE 88 786 88 789
PAINT_LINE 61 787 61 787
PAINT_LINE 75 787 80 787
PAINT_LINE 96 787 96 788
PAINT_LINE 124 787 124 788
PAINT_LINE 63 788 63 793
PAINT_LINE 75 788 80 788
PAINT_LINE 87 788 90 788
PAINT_LINE 92 788 93 788
PAINT_LINE 5 789 5 793
PAINT_LINE 93 789 93 789
PAINT_LINE 123 789 123 794
PAINT_LINE 129 789 129 794
PAINT_LINE 2 790 6 790
PAINT_LINE 154 790 157 790
PAINT_LINE 2 791 6 791
PAINT_LINE 23 791 23 795
PAINT_LINE 24 791 24 796
PAINT_LINE 25 791 25 792
PAINT_LINE 62 791 62 792
PAINT_LINE 152 791 153 791
PAINT_LINE 6 792 6 793
PAINT_LINE 131 792 131 799
PAINT_LINE 151 792 151 799
PAINT_LINE 152 792 153 792
PAINT_LINE 3 793 6 793
PAINT_LINE 130 793 130 794
PAINT_LINE 94 794 94 794
PAINT_LINE 106 794 106 799
PAINT_LINE 122 794 122 797
PAINT_LINE 127 794 127 799
PAINT_LINE 107 795 107 799
PAINT_LINE 144 795 151 795
PAINT_LINE 148 796 151 796
PAINT_LINE 121 797 121 799
PAINT_LINE 130 797 130 799
PAINT_LINE 148 797 148 797
PAINT_LINE 152 797 152 799
PAINT_LINE 63 798 63 799
PAINT_LINE 136 798 147 798
PAINT_LINE 155 798 155 799
PAINT_LINE 64 799 65 799
PAINT_LINE 77 799 108 799
PAINT_LINE 125 799 131 799
PAINT_LINE 135 799 139 799
PAINT_LINE 144 799 146 799
PAINT_LINE 153 799 157 799
